2017-09-10 16:45:59,778  INFO [AWT-EventQueue-0] - replayLogger.actionPerformed 291 - Replay
2017-09-10 16:45:59,778  INFO [AWT-EventQueue-0] - replayLogger.replayPress 374 - Replay Pressed
2017-09-10 17:00:40,963  INFO [AWT-EventQueue-0] - replayLogger.actionPerformed 291 - Replay
2017-09-10 17:00:40,965  INFO [AWT-EventQueue-0] - replayLogger.replayPress 374 - Replay Pressed
2017-09-10 18:56:46,440 DEBUG [AWT-EventQueue-0] - com.breakout.command.TimerCommand.execute 40 - 00:00
2017-09-10 18:56:47,118 DEBUG [AWT-EventQueue-0] - com.breakout.command.TimerCommand.execute 40 - 00:01
2017-09-10 18:56:47,787 DEBUG [AWT-EventQueue-0] - com.breakout.command.TimerCommand.execute 40 - 00:02
2017-09-10 18:56:48,357 DEBUG [AWT-EventQueue-0] - com.breakout.command.TimerCommand.execute 40 - 00:03
2017-09-10 18:56:48,916 DEBUG [AWT-EventQueue-0] - com.breakout.command.TimerCommand.execute 40 - 00:04
2017-09-10 18:56:49,490 DEBUG [AWT-EventQueue-0] - com.breakout.command.TimerCommand.execute 40 - 00:05
2017-09-10 18:56:52,258 DEBUG [AWT-EventQueue-0] - com.breakout.command.TimerCommand.execute 40 - 00:00
2017-09-10 18:56:52,866 DEBUG [AWT-EventQueue-0] - com.breakout.command.TimerCommand.execute 40 - 00:01
2017-09-10 18:56:53,475 DEBUG [AWT-EventQueue-0] - com.breakout.command.TimerCommand.execute 40 - 00:02
2017-09-10 18:56:54,544 DEBUG [AWT-EventQueue-0] - com.breakout.command.TimerCommand.undo 49 - 00:02
2017-09-10 18:56:55,860  INFO [AWT-EventQueue-0] - replayLogger.actionPerformed 292 - Replay
2017-09-10 18:56:55,860  INFO [AWT-EventQueue-0] - replayLogger.replayPress 375 - Replay Pressed
2017-09-10 18:56:55,860 DEBUG [Thread-2] - com.breakout.command.TimerCommand.undo 49 - 00:00
2017-09-10 18:56:55,907 DEBUG [Thread-2] - com.breakout.command.TimerCommand.undo 49 - 00:00
2017-09-10 18:56:55,944 DEBUG [Thread-2] - com.breakout.command.TimerCommand.undo 49 - 00:00
2017-09-10 18:56:55,976 DEBUG [Thread-2] - com.breakout.command.TimerCommand.undo 49 - 00:00
2017-09-10 18:56:56,007 DEBUG [Thread-2] - com.breakout.command.TimerCommand.undo 49 - 00:00
2017-09-10 18:56:56,045 DEBUG [Thread-2] - com.breakout.command.TimerCommand.undo 49 - 00:00
2017-09-10 18:56:56,076 DEBUG [Thread-2] - com.breakout.command.TimerCommand.undo 49 - 00:00
2017-09-10 18:56:56,107 DEBUG [Thread-2] - com.breakout.command.TimerCommand.undo 49 - 00:00
2017-09-10 18:56:56,137 DEBUG [Thread-2] - com.breakout.command.TimerCommand.undo 49 - 00:00
2017-09-10 18:56:56,186 DEBUG [Thread-2] - com.breakout.command.TimerCommand.undo 49 - 00:00
2017-09-10 18:56:56,217 DEBUG [Thread-2] - com.breakout.command.TimerCommand.undo 49 - 00:00
2017-09-10 18:56:56,261 DEBUG [Thread-2] - com.breakout.command.TimerCommand.undo 49 - 00:00
2017-09-10 18:56:56,292 DEBUG [Thread-2] - com.breakout.command.TimerCommand.undo 49 - 00:00
2017-09-10 18:56:56,324 DEBUG [Thread-2] - com.breakout.command.TimerCommand.undo 49 - 00:00
2017-09-10 18:56:56,361 DEBUG [Thread-2] - com.breakout.command.TimerCommand.undo 49 - 00:00
2017-09-10 18:56:56,392 DEBUG [Thread-2] - com.breakout.command.TimerCommand.undo 49 - 00:00
2017-09-10 18:56:56,424 DEBUG [Thread-2] - com.breakout.command.TimerCommand.undo 49 - 00:00
2017-09-10 18:56:56,462 DEBUG [Thread-2] - com.breakout.command.TimerCommand.undo 49 - 00:00
2017-09-10 18:56:56,493 DEBUG [Thread-2] - com.breakout.command.TimerCommand.undo 49 - 00:00
2017-09-10 18:56:56,524 DEBUG [Thread-2] - com.breakout.command.TimerCommand.undo 49 - 00:00
2017-09-10 18:56:56,561 DEBUG [Thread-2] - com.breakout.command.TimerCommand.undo 49 - 00:00
2017-09-10 18:56:56,593 DEBUG [Thread-2] - com.breakout.command.TimerCommand.undo 49 - 00:00
2017-09-10 18:56:56,624 DEBUG [Thread-2] - com.breakout.command.TimerCommand.undo 49 - 00:00
2017-09-10 18:56:56,662 DEBUG [Thread-2] - com.breakout.command.TimerCommand.undo 49 - 00:00
2017-09-10 18:56:56,693 DEBUG [Thread-2] - com.breakout.command.TimerCommand.undo 49 - 00:00
2017-09-10 18:56:56,746 DEBUG [Thread-2] - com.breakout.command.TimerCommand.undo 49 - 00:00
2017-09-10 18:56:56,777 DEBUG [Thread-2] - com.breakout.command.TimerCommand.undo 49 - 00:00
2017-09-10 18:56:56,809 DEBUG [Thread-2] - com.breakout.command.TimerCommand.undo 49 - 00:00
2017-09-10 18:56:56,846 DEBUG [Thread-2] - com.breakout.command.TimerCommand.undo 49 - 00:00
2017-09-10 18:56:56,877 DEBUG [Thread-2] - com.breakout.command.TimerCommand.undo 49 - 00:00
2017-09-10 18:56:56,917 DEBUG [Thread-2] - com.breakout.command.TimerCommand.undo 49 - 00:00
2017-09-10 18:56:56,961 DEBUG [Thread-2] - com.breakout.command.TimerCommand.undo 49 - 00:00
2017-09-10 18:56:56,993 DEBUG [Thread-2] - com.breakout.command.TimerCommand.undo 49 - 00:00
2017-09-10 18:56:57,024 DEBUG [Thread-2] - com.breakout.command.TimerCommand.undo 49 - 00:00
2017-09-10 18:56:57,061 DEBUG [Thread-2] - com.breakout.command.TimerCommand.undo 49 - 00:00
2017-09-10 18:56:57,093 DEBUG [Thread-2] - com.breakout.command.TimerCommand.undo 49 - 00:00
2017-09-10 18:56:57,146 DEBUG [Thread-2] - com.breakout.command.TimerCommand.undo 49 - 00:00
2017-09-10 18:56:57,191 DEBUG [Thread-2] - com.breakout.command.TimerCommand.undo 49 - 00:00
2017-09-10 18:56:57,222 DEBUG [Thread-2] - com.breakout.command.TimerCommand.undo 49 - 00:00
2017-09-10 18:56:57,262 DEBUG [Thread-2] - com.breakout.command.TimerCommand.undo 49 - 00:00
2017-09-10 18:56:57,293 DEBUG [Thread-2] - com.breakout.command.TimerCommand.undo 49 - 00:00
2017-09-10 18:56:57,324 DEBUG [Thread-2] - com.breakout.command.TimerCommand.undo 49 - 00:01
2017-09-10 18:56:57,362 DEBUG [Thread-2] - com.breakout.command.TimerCommand.undo 49 - 00:01
2017-09-10 18:56:57,393 DEBUG [Thread-2] - com.breakout.command.TimerCommand.undo 49 - 00:01
2017-09-10 18:56:57,424 DEBUG [Thread-2] - com.breakout.command.TimerCommand.undo 49 - 00:01
2017-09-10 18:56:57,461 DEBUG [Thread-2] - com.breakout.command.TimerCommand.undo 49 - 00:01
2017-09-10 18:56:57,493 DEBUG [Thread-2] - com.breakout.command.TimerCommand.undo 49 - 00:01
2017-09-10 18:56:57,524 DEBUG [Thread-2] - com.breakout.command.TimerCommand.undo 49 - 00:01
2017-09-10 18:56:57,561 DEBUG [Thread-2] - com.breakout.command.TimerCommand.undo 49 - 00:01
2017-09-10 18:56:57,592 DEBUG [Thread-2] - com.breakout.command.TimerCommand.undo 49 - 00:01
2017-09-10 18:56:57,624 DEBUG [Thread-2] - com.breakout.command.TimerCommand.undo 49 - 00:01
2017-09-10 18:56:57,661 DEBUG [Thread-2] - com.breakout.command.TimerCommand.undo 49 - 00:01
2017-09-10 18:56:57,710 DEBUG [Thread-2] - com.breakout.command.TimerCommand.undo 49 - 00:01
2017-09-10 18:56:57,746 DEBUG [Thread-2] - com.breakout.command.TimerCommand.undo 49 - 00:01
2017-09-10 18:56:57,777 DEBUG [Thread-2] - com.breakout.command.TimerCommand.undo 49 - 00:01
2017-09-10 18:56:57,810 DEBUG [Thread-2] - com.breakout.command.TimerCommand.undo 49 - 00:01
2017-09-10 18:56:57,846 DEBUG [Thread-2] - com.breakout.command.TimerCommand.undo 49 - 00:01
2017-09-10 18:56:57,877 DEBUG [Thread-2] - com.breakout.command.TimerCommand.undo 49 - 00:01
2017-09-10 18:56:57,908 DEBUG [Thread-2] - com.breakout.command.TimerCommand.undo 49 - 00:01
2017-09-10 18:56:57,946 DEBUG [Thread-2] - com.breakout.command.TimerCommand.undo 49 - 00:01
2017-09-10 18:56:57,977 DEBUG [Thread-2] - com.breakout.command.TimerCommand.undo 49 - 00:01
2017-09-10 18:56:58,008 DEBUG [Thread-2] - com.breakout.command.TimerCommand.undo 49 - 00:01
2017-09-10 18:56:58,046 DEBUG [Thread-2] - com.breakout.command.TimerCommand.undo 49 - 00:01
2017-09-10 18:56:58,077 DEBUG [Thread-2] - com.breakout.command.TimerCommand.undo 49 - 00:01
2017-09-10 18:56:58,109 DEBUG [Thread-2] - com.breakout.command.TimerCommand.undo 49 - 00:01
2017-09-10 19:30:40,046 DEBUG [AWT-EventQueue-0] - timeLogger.execute 37 - 00:00
2017-09-10 19:30:41,380 DEBUG [AWT-EventQueue-0] - timeLogger.execute 37 - 00:01
2017-09-10 19:30:42,709 DEBUG [AWT-EventQueue-0] - timeLogger.execute 37 - 00:02
2017-09-10 19:30:44,063 DEBUG [AWT-EventQueue-0] - timeLogger.execute 37 - 00:03
2017-09-10 19:30:45,632 DEBUG [AWT-EventQueue-0] - timeLogger.undo 45 - 00:02
2017-09-10 19:30:54,545 DEBUG [AWT-EventQueue-0] - timeLogger.execute 37 - 00:00
2017-09-10 19:30:55,893 DEBUG [AWT-EventQueue-0] - timeLogger.execute 37 - 00:01
2017-09-10 19:30:57,225 DEBUG [AWT-EventQueue-0] - timeLogger.execute 37 - 00:02
2017-09-10 19:30:58,926  INFO [AWT-EventQueue-0] - replayLogger.actionPerformed 292 - Replay
2017-09-10 19:30:58,927  INFO [AWT-EventQueue-0] - replayLogger.replayPress 383 - Replay Pressed
2017-09-10 19:30:58,928 DEBUG [Thread-2] - timeLogger.undo 45 - 00:00
2017-09-10 19:30:58,967 DEBUG [Thread-2] - timeLogger.undo 45 - 00:00
2017-09-10 19:30:58,998 DEBUG [Thread-2] - timeLogger.undo 45 - 00:00
2017-09-10 19:30:59,030 DEBUG [Thread-2] - timeLogger.undo 45 - 00:00
2017-09-10 19:30:59,067 DEBUG [Thread-2] - timeLogger.undo 45 - 00:00
2017-09-10 19:30:59,098 DEBUG [Thread-2] - timeLogger.undo 45 - 00:00
2017-09-10 19:30:59,130 DEBUG [Thread-2] - timeLogger.undo 45 - 00:00
2017-09-10 19:30:59,167 DEBUG [Thread-2] - timeLogger.undo 45 - 00:00
2017-09-10 19:30:59,198 DEBUG [Thread-2] - timeLogger.undo 45 - 00:00
2017-09-10 19:30:59,229 DEBUG [Thread-2] - timeLogger.undo 45 - 00:00
2017-09-10 19:30:59,268 DEBUG [Thread-2] - timeLogger.undo 45 - 00:00
2017-09-10 19:30:59,299 DEBUG [Thread-2] - timeLogger.undo 45 - 00:00
2017-09-10 19:30:59,330 DEBUG [Thread-2] - timeLogger.undo 45 - 00:00
2017-09-10 19:30:59,362 DEBUG [Thread-2] - timeLogger.undo 45 - 00:00
2017-09-10 19:30:59,394 DEBUG [Thread-2] - timeLogger.undo 45 - 00:00
2017-09-10 19:30:59,426 DEBUG [Thread-2] - timeLogger.undo 45 - 00:00
2017-09-10 19:30:59,468 DEBUG [Thread-2] - timeLogger.undo 45 - 00:00
2017-09-10 19:30:59,499 DEBUG [Thread-2] - timeLogger.undo 45 - 00:00
2017-09-10 19:30:59,530 DEBUG [Thread-2] - timeLogger.undo 45 - 00:00
2017-09-10 19:30:59,568 DEBUG [Thread-2] - timeLogger.undo 45 - 00:00
2017-09-10 19:30:59,613 DEBUG [Thread-2] - timeLogger.undo 45 - 00:00
2017-09-10 19:30:59,652 DEBUG [Thread-2] - timeLogger.undo 45 - 00:00
2017-09-10 19:30:59,684 DEBUG [Thread-2] - timeLogger.undo 45 - 00:00
2017-09-10 19:30:59,715 DEBUG [Thread-2] - timeLogger.undo 45 - 00:00
2017-09-10 19:30:59,752 DEBUG [Thread-2] - timeLogger.undo 45 - 00:00
2017-09-10 19:30:59,783 DEBUG [Thread-2] - timeLogger.undo 45 - 00:00
2017-09-10 19:30:59,815 DEBUG [Thread-2] - timeLogger.undo 45 - 00:00
2017-09-10 19:30:59,852 DEBUG [Thread-2] - timeLogger.undo 45 - 00:00
2017-09-10 19:30:59,884 DEBUG [Thread-2] - timeLogger.undo 45 - 00:00
2017-09-10 19:30:59,928 DEBUG [Thread-2] - timeLogger.undo 45 - 00:00
2017-09-10 19:30:59,968 DEBUG [Thread-2] - timeLogger.undo 45 - 00:00
2017-09-10 19:31:00,000 DEBUG [Thread-2] - timeLogger.undo 45 - 00:00
2017-09-10 19:31:00,031 DEBUG [Thread-2] - timeLogger.undo 45 - 00:00
2017-09-10 19:31:00,068 DEBUG [Thread-2] - timeLogger.undo 45 - 00:00
2017-09-10 19:31:00,100 DEBUG [Thread-2] - timeLogger.undo 45 - 00:00
2017-09-10 19:31:00,131 DEBUG [Thread-2] - timeLogger.undo 45 - 00:00
2017-09-10 19:31:00,168 DEBUG [Thread-2] - timeLogger.undo 45 - 00:00
2017-09-10 19:31:00,199 DEBUG [Thread-2] - timeLogger.undo 45 - 00:00
2017-09-10 19:31:00,231 DEBUG [Thread-2] - timeLogger.undo 45 - 00:00
2017-09-10 19:31:00,268 DEBUG [Thread-2] - timeLogger.undo 45 - 00:00
2017-09-10 19:31:00,299 DEBUG [Thread-2] - timeLogger.undo 45 - 00:00
2017-09-10 19:31:00,331 DEBUG [Thread-2] - timeLogger.undo 45 - 00:01
2017-09-10 19:31:00,368 DEBUG [Thread-2] - timeLogger.undo 45 - 00:01
2017-09-10 19:31:00,400 DEBUG [Thread-2] - timeLogger.undo 45 - 00:01
2017-09-10 19:31:00,430 DEBUG [Thread-2] - timeLogger.undo 45 - 00:01
2017-09-10 19:31:00,476 DEBUG [Thread-2] - timeLogger.undo 45 - 00:01
2017-09-10 19:31:00,507 DEBUG [Thread-2] - timeLogger.undo 45 - 00:01
2017-09-10 19:31:00,552 DEBUG [Thread-2] - timeLogger.undo 45 - 00:01
2017-09-10 19:31:00,584 DEBUG [Thread-2] - timeLogger.undo 45 - 00:01
2017-09-10 19:31:00,615 DEBUG [Thread-2] - timeLogger.undo 45 - 00:01
2017-09-10 19:31:00,652 DEBUG [Thread-2] - timeLogger.undo 45 - 00:01
2017-09-10 19:31:00,684 DEBUG [Thread-2] - timeLogger.undo 45 - 00:01
2017-09-10 19:31:00,715 DEBUG [Thread-2] - timeLogger.undo 45 - 00:01
2017-09-10 19:31:00,752 DEBUG [Thread-2] - timeLogger.undo 45 - 00:01
2017-09-10 19:31:00,784 DEBUG [Thread-2] - timeLogger.undo 45 - 00:01
2017-09-10 19:31:00,815 DEBUG [Thread-2] - timeLogger.undo 45 - 00:01
2017-09-10 19:31:00,852 DEBUG [Thread-2] - timeLogger.undo 45 - 00:01
2017-09-10 19:31:00,884 DEBUG [Thread-2] - timeLogger.undo 45 - 00:01
2017-09-10 19:31:00,915 DEBUG [Thread-2] - timeLogger.undo 45 - 00:01
2017-09-10 19:31:00,953 DEBUG [Thread-2] - timeLogger.undo 45 - 00:01
2017-09-10 19:31:00,996 DEBUG [Thread-2] - timeLogger.undo 45 - 00:01
2017-09-10 19:31:01,027 DEBUG [Thread-2] - timeLogger.undo 45 - 00:01
2017-09-10 19:31:01,069 DEBUG [Thread-2] - timeLogger.undo 45 - 00:01
2017-09-10 19:31:01,100 DEBUG [Thread-2] - timeLogger.undo 45 - 00:01
2017-09-10 19:31:01,131 DEBUG [Thread-2] - timeLogger.undo 45 - 00:01
2017-09-10 19:31:01,169 DEBUG [Thread-2] - timeLogger.undo 45 - 00:01
2017-09-10 19:31:01,200 DEBUG [Thread-2] - timeLogger.undo 45 - 00:01
2017-09-10 19:31:01,230 DEBUG [Thread-2] - timeLogger.undo 45 - 00:01
2017-09-10 19:31:01,277 DEBUG [Thread-2] - timeLogger.undo 45 - 00:01
2017-09-10 19:31:01,309 DEBUG [Thread-2] - timeLogger.undo 45 - 00:01
2017-09-10 19:31:01,353 DEBUG [Thread-2] - timeLogger.undo 45 - 00:01
2017-09-10 19:31:01,384 DEBUG [Thread-2] - timeLogger.undo 45 - 00:01
2017-09-10 19:31:01,416 DEBUG [Thread-2] - timeLogger.undo 45 - 00:01
2017-09-10 19:31:01,453 DEBUG [Thread-2] - timeLogger.undo 45 - 00:01
2017-09-10 19:31:01,483 DEBUG [Thread-2] - timeLogger.undo 45 - 00:01
2017-09-10 19:31:01,526 DEBUG [Thread-2] - timeLogger.undo 45 - 00:01
2017-09-10 19:31:01,569 DEBUG [Thread-2] - timeLogger.undo 45 - 00:01
2017-09-10 19:31:01,601 DEBUG [Thread-2] - timeLogger.undo 45 - 00:01
2017-09-10 19:31:01,654 DEBUG [Thread-2] - timeLogger.undo 45 - 00:01
2017-09-10 19:31:01,685 DEBUG [Thread-2] - timeLogger.undo 45 - 00:01
2017-09-10 19:31:01,716 DEBUG [Thread-2] - timeLogger.undo 45 - 00:01
2017-09-10 19:31:01,754 DEBUG [Thread-2] - timeLogger.undo 45 - 00:02
2017-09-10 19:31:01,785 DEBUG [Thread-2] - timeLogger.undo 45 - 00:02
2017-09-10 19:31:01,816 DEBUG [Thread-2] - timeLogger.undo 45 - 00:02
2017-09-10 19:31:01,855 DEBUG [Thread-2] - timeLogger.undo 45 - 00:02
2017-09-10 19:31:01,886 DEBUG [Thread-2] - timeLogger.undo 45 - 00:02
