2017-09-10 16:45:48,535  INFO [AWT-EventQueue-0] - startLogger.actionPerformed 279 - Start
2017-09-10 16:45:48,567  INFO [AWT-EventQueue-0] - startLogger.startPress 299 - Start pressed
2017-09-10 17:00:21,169  INFO [AWT-EventQueue-0] - startLogger.actionPerformed 279 - Start
2017-09-10 17:00:21,184  INFO [AWT-EventQueue-0] - startLogger.startPress 299 - Start pressed
2017-09-10 18:55:57,264  INFO [AWT-EventQueue-0] - startLogger.actionPerformed 280 - Start
2017-09-10 18:55:57,278  INFO [AWT-EventQueue-0] - startLogger.startPress 300 - Start pressed
2017-09-10 18:56:46,425  INFO [AWT-EventQueue-0] - startLogger.actionPerformed 280 - Start
2017-09-10 18:56:46,440  INFO [AWT-EventQueue-0] - startLogger.startPress 300 - Start pressed
2017-09-10 18:56:46,440 DEBUG [AWT-EventQueue-0] - com.breakout.command.TimerCommand.execute 40 - 00:00
2017-09-10 18:56:47,118 DEBUG [AWT-EventQueue-0] - com.breakout.command.TimerCommand.execute 40 - 00:01
2017-09-10 18:56:47,787 DEBUG [AWT-EventQueue-0] - com.breakout.command.TimerCommand.execute 40 - 00:02
2017-09-10 18:56:48,357 DEBUG [AWT-EventQueue-0] - com.breakout.command.TimerCommand.execute 40 - 00:03
2017-09-10 18:56:48,916 DEBUG [AWT-EventQueue-0] - com.breakout.command.TimerCommand.execute 40 - 00:04
2017-09-10 18:56:49,490 DEBUG [AWT-EventQueue-0] - com.breakout.command.TimerCommand.execute 40 - 00:05
2017-09-10 18:56:51,274  INFO [AWT-EventQueue-0] - startLogger.actionPerformed 280 - Start
2017-09-10 18:56:51,274  INFO [AWT-EventQueue-0] - startLogger.startPress 300 - Start pressed
2017-09-10 18:56:51,274  INFO [AWT-EventQueue-0] - startLogger.startPress 307 - Reset pressed
2017-09-10 18:56:52,242  INFO [AWT-EventQueue-0] - startLogger.actionPerformed 280 - Start
2017-09-10 18:56:52,242  INFO [AWT-EventQueue-0] - startLogger.startPress 300 - Start pressed
2017-09-10 18:56:52,258 DEBUG [AWT-EventQueue-0] - com.breakout.command.TimerCommand.execute 40 - 00:00
2017-09-10 18:56:52,866 DEBUG [AWT-EventQueue-0] - com.breakout.command.TimerCommand.execute 40 - 00:01
2017-09-10 18:56:53,475 DEBUG [AWT-EventQueue-0] - com.breakout.command.TimerCommand.execute 40 - 00:02
2017-09-10 18:56:54,544 DEBUG [AWT-EventQueue-0] - com.breakout.command.TimerCommand.undo 49 - 00:02
2017-09-10 18:56:55,860 DEBUG [Thread-2] - com.breakout.command.TimerCommand.undo 49 - 00:00
2017-09-10 18:56:55,907 DEBUG [Thread-2] - com.breakout.command.TimerCommand.undo 49 - 00:00
2017-09-10 18:56:55,944 DEBUG [Thread-2] - com.breakout.command.TimerCommand.undo 49 - 00:00
2017-09-10 18:56:55,976 DEBUG [Thread-2] - com.breakout.command.TimerCommand.undo 49 - 00:00
2017-09-10 18:56:56,007 DEBUG [Thread-2] - com.breakout.command.TimerCommand.undo 49 - 00:00
2017-09-10 18:56:56,045 DEBUG [Thread-2] - com.breakout.command.TimerCommand.undo 49 - 00:00
2017-09-10 18:56:56,076 DEBUG [Thread-2] - com.breakout.command.TimerCommand.undo 49 - 00:00
2017-09-10 18:56:56,107 DEBUG [Thread-2] - com.breakout.command.TimerCommand.undo 49 - 00:00
2017-09-10 18:56:56,137 DEBUG [Thread-2] - com.breakout.command.TimerCommand.undo 49 - 00:00
2017-09-10 18:56:56,186 DEBUG [Thread-2] - com.breakout.command.TimerCommand.undo 49 - 00:00
2017-09-10 18:56:56,217 DEBUG [Thread-2] - com.breakout.command.TimerCommand.undo 49 - 00:00
2017-09-10 18:56:56,261 DEBUG [Thread-2] - com.breakout.command.TimerCommand.undo 49 - 00:00
2017-09-10 18:56:56,292 DEBUG [Thread-2] - com.breakout.command.TimerCommand.undo 49 - 00:00
2017-09-10 18:56:56,324 DEBUG [Thread-2] - com.breakout.command.TimerCommand.undo 49 - 00:00
2017-09-10 18:56:56,361 DEBUG [Thread-2] - com.breakout.command.TimerCommand.undo 49 - 00:00
2017-09-10 18:56:56,392 DEBUG [Thread-2] - com.breakout.command.TimerCommand.undo 49 - 00:00
2017-09-10 18:56:56,424 DEBUG [Thread-2] - com.breakout.command.TimerCommand.undo 49 - 00:00
2017-09-10 18:56:56,462 DEBUG [Thread-2] - com.breakout.command.TimerCommand.undo 49 - 00:00
2017-09-10 18:56:56,493 DEBUG [Thread-2] - com.breakout.command.TimerCommand.undo 49 - 00:00
2017-09-10 18:56:56,524 DEBUG [Thread-2] - com.breakout.command.TimerCommand.undo 49 - 00:00
2017-09-10 18:56:56,561 DEBUG [Thread-2] - com.breakout.command.TimerCommand.undo 49 - 00:00
2017-09-10 18:56:56,593 DEBUG [Thread-2] - com.breakout.command.TimerCommand.undo 49 - 00:00
2017-09-10 18:56:56,624 DEBUG [Thread-2] - com.breakout.command.TimerCommand.undo 49 - 00:00
2017-09-10 18:56:56,662 DEBUG [Thread-2] - com.breakout.command.TimerCommand.undo 49 - 00:00
2017-09-10 18:56:56,693 DEBUG [Thread-2] - com.breakout.command.TimerCommand.undo 49 - 00:00
2017-09-10 18:56:56,746 DEBUG [Thread-2] - com.breakout.command.TimerCommand.undo 49 - 00:00
2017-09-10 18:56:56,777 DEBUG [Thread-2] - com.breakout.command.TimerCommand.undo 49 - 00:00
2017-09-10 18:56:56,809 DEBUG [Thread-2] - com.breakout.command.TimerCommand.undo 49 - 00:00
2017-09-10 18:56:56,846 DEBUG [Thread-2] - com.breakout.command.TimerCommand.undo 49 - 00:00
2017-09-10 18:56:56,877 DEBUG [Thread-2] - com.breakout.command.TimerCommand.undo 49 - 00:00
2017-09-10 18:56:56,917 DEBUG [Thread-2] - com.breakout.command.TimerCommand.undo 49 - 00:00
2017-09-10 18:56:56,961 DEBUG [Thread-2] - com.breakout.command.TimerCommand.undo 49 - 00:00
2017-09-10 18:56:56,993 DEBUG [Thread-2] - com.breakout.command.TimerCommand.undo 49 - 00:00
2017-09-10 18:56:57,024 DEBUG [Thread-2] - com.breakout.command.TimerCommand.undo 49 - 00:00
2017-09-10 18:56:57,061 DEBUG [Thread-2] - com.breakout.command.TimerCommand.undo 49 - 00:00
2017-09-10 18:56:57,093 DEBUG [Thread-2] - com.breakout.command.TimerCommand.undo 49 - 00:00
2017-09-10 18:56:57,146 DEBUG [Thread-2] - com.breakout.command.TimerCommand.undo 49 - 00:00
2017-09-10 18:56:57,191 DEBUG [Thread-2] - com.breakout.command.TimerCommand.undo 49 - 00:00
2017-09-10 18:56:57,222 DEBUG [Thread-2] - com.breakout.command.TimerCommand.undo 49 - 00:00
2017-09-10 18:56:57,262 DEBUG [Thread-2] - com.breakout.command.TimerCommand.undo 49 - 00:00
2017-09-10 18:56:57,293 DEBUG [Thread-2] - com.breakout.command.TimerCommand.undo 49 - 00:00
2017-09-10 18:56:57,324 DEBUG [Thread-2] - com.breakout.command.TimerCommand.undo 49 - 00:01
2017-09-10 18:56:57,362 DEBUG [Thread-2] - com.breakout.command.TimerCommand.undo 49 - 00:01
2017-09-10 18:56:57,393 DEBUG [Thread-2] - com.breakout.command.TimerCommand.undo 49 - 00:01
2017-09-10 18:56:57,424 DEBUG [Thread-2] - com.breakout.command.TimerCommand.undo 49 - 00:01
2017-09-10 18:56:57,461 DEBUG [Thread-2] - com.breakout.command.TimerCommand.undo 49 - 00:01
2017-09-10 18:56:57,493 DEBUG [Thread-2] - com.breakout.command.TimerCommand.undo 49 - 00:01
2017-09-10 18:56:57,524 DEBUG [Thread-2] - com.breakout.command.TimerCommand.undo 49 - 00:01
2017-09-10 18:56:57,561 DEBUG [Thread-2] - com.breakout.command.TimerCommand.undo 49 - 00:01
2017-09-10 18:56:57,592 DEBUG [Thread-2] - com.breakout.command.TimerCommand.undo 49 - 00:01
2017-09-10 18:56:57,624 DEBUG [Thread-2] - com.breakout.command.TimerCommand.undo 49 - 00:01
2017-09-10 18:56:57,661 DEBUG [Thread-2] - com.breakout.command.TimerCommand.undo 49 - 00:01
2017-09-10 18:56:57,710 DEBUG [Thread-2] - com.breakout.command.TimerCommand.undo 49 - 00:01
2017-09-10 18:56:57,746 DEBUG [Thread-2] - com.breakout.command.TimerCommand.undo 49 - 00:01
2017-09-10 18:56:57,777 DEBUG [Thread-2] - com.breakout.command.TimerCommand.undo 49 - 00:01
2017-09-10 18:56:57,810 DEBUG [Thread-2] - com.breakout.command.TimerCommand.undo 49 - 00:01
2017-09-10 18:56:57,846 DEBUG [Thread-2] - com.breakout.command.TimerCommand.undo 49 - 00:01
2017-09-10 18:56:57,877 DEBUG [Thread-2] - com.breakout.command.TimerCommand.undo 49 - 00:01
2017-09-10 18:56:57,908 DEBUG [Thread-2] - com.breakout.command.TimerCommand.undo 49 - 00:01
2017-09-10 18:56:57,946 DEBUG [Thread-2] - com.breakout.command.TimerCommand.undo 49 - 00:01
2017-09-10 18:56:57,977 DEBUG [Thread-2] - com.breakout.command.TimerCommand.undo 49 - 00:01
2017-09-10 18:56:58,008 DEBUG [Thread-2] - com.breakout.command.TimerCommand.undo 49 - 00:01
2017-09-10 18:56:58,046 DEBUG [Thread-2] - com.breakout.command.TimerCommand.undo 49 - 00:01
2017-09-10 18:56:58,077 DEBUG [Thread-2] - com.breakout.command.TimerCommand.undo 49 - 00:01
2017-09-10 18:56:58,109 DEBUG [Thread-2] - com.breakout.command.TimerCommand.undo 49 - 00:01
