2017-09-10 16:45:57,428  INFO [AWT-EventQueue-0] - undoLogger.actionPerformed 287 - Undo
2017-09-10 16:45:57,428  INFO [AWT-EventQueue-0] - undoLogger.undoPress 348 - 228
2017-09-10 16:45:57,428  INFO [AWT-EventQueue-0] - undoLogger.undoPress 349 - 228
2017-09-10 16:45:57,428  INFO [AWT-EventQueue-0] - undoLogger.undoPress 350 - 228
2017-09-10 16:45:57,428  INFO [AWT-EventQueue-0] - undoLogger.undoPress 351 - 228
2017-09-10 16:45:58,113  INFO [AWT-EventQueue-0] - undoLogger.actionPerformed 287 - Undo
2017-09-10 16:45:58,113  INFO [AWT-EventQueue-0] - undoLogger.undoPress 348 - 228
2017-09-10 16:45:58,113  INFO [AWT-EventQueue-0] - undoLogger.undoPress 349 - 228
2017-09-10 16:45:58,113  INFO [AWT-EventQueue-0] - undoLogger.undoPress 350 - 228
2017-09-10 16:45:58,144  INFO [AWT-EventQueue-0] - undoLogger.undoPress 351 - 228
2017-09-10 16:45:58,669  INFO [AWT-EventQueue-0] - undoLogger.actionPerformed 287 - Undo
2017-09-10 16:45:58,669  INFO [AWT-EventQueue-0] - undoLogger.undoPress 348 - 228
2017-09-10 16:45:58,669  INFO [AWT-EventQueue-0] - undoLogger.undoPress 349 - 228
2017-09-10 16:45:58,669  INFO [AWT-EventQueue-0] - undoLogger.undoPress 350 - 228
2017-09-10 16:45:58,669  INFO [AWT-EventQueue-0] - undoLogger.undoPress 351 - 228
2017-09-10 16:45:58,686  INFO [AWT-EventQueue-0] - undoLogger.actionPerformed 287 - Undo
2017-09-10 16:45:58,687  INFO [AWT-EventQueue-0] - undoLogger.undoPress 348 - 228
2017-09-10 16:45:58,687  INFO [AWT-EventQueue-0] - undoLogger.undoPress 349 - 228
2017-09-10 16:45:58,688  INFO [AWT-EventQueue-0] - undoLogger.undoPress 350 - 228
2017-09-10 16:45:58,688  INFO [AWT-EventQueue-0] - undoLogger.undoPress 351 - 228
2017-09-10 17:00:38,609  INFO [AWT-EventQueue-0] - undoLogger.actionPerformed 287 - Undo
2017-09-10 17:00:38,609  INFO [AWT-EventQueue-0] - undoLogger.undoPress 348 - 990
2017-09-10 17:00:38,609  INFO [AWT-EventQueue-0] - undoLogger.undoPress 349 - 990
2017-09-10 17:00:38,609  INFO [AWT-EventQueue-0] - undoLogger.undoPress 350 - 990
2017-09-10 17:00:38,625  INFO [AWT-EventQueue-0] - undoLogger.undoPress 351 - 990
2017-09-10 17:00:39,341  INFO [AWT-EventQueue-0] - undoLogger.actionPerformed 287 - Undo
2017-09-10 17:00:39,341  INFO [AWT-EventQueue-0] - undoLogger.undoPress 348 - 990
2017-09-10 17:00:39,357  INFO [AWT-EventQueue-0] - undoLogger.undoPress 349 - 990
2017-09-10 17:00:39,358  INFO [AWT-EventQueue-0] - undoLogger.undoPress 350 - 990
2017-09-10 17:00:39,359  INFO [AWT-EventQueue-0] - undoLogger.undoPress 351 - 990
2017-09-10 17:00:39,363  INFO [AWT-EventQueue-0] - undoLogger.actionPerformed 287 - Undo
2017-09-10 17:00:39,363  INFO [AWT-EventQueue-0] - undoLogger.undoPress 348 - 990
2017-09-10 17:00:39,363  INFO [AWT-EventQueue-0] - undoLogger.undoPress 349 - 990
2017-09-10 17:00:39,363  INFO [AWT-EventQueue-0] - undoLogger.undoPress 350 - 990
2017-09-10 17:00:39,363  INFO [AWT-EventQueue-0] - undoLogger.undoPress 351 - 990
2017-09-10 17:00:39,726  INFO [AWT-EventQueue-0] - undoLogger.actionPerformed 287 - Undo
2017-09-10 17:00:39,726  INFO [AWT-EventQueue-0] - undoLogger.undoPress 348 - 990
2017-09-10 17:00:39,726  INFO [AWT-EventQueue-0] - undoLogger.undoPress 349 - 990
2017-09-10 17:00:39,726  INFO [AWT-EventQueue-0] - undoLogger.undoPress 350 - 990
2017-09-10 17:00:39,726  INFO [AWT-EventQueue-0] - undoLogger.undoPress 351 - 990
2017-09-10 17:00:39,726  INFO [AWT-EventQueue-0] - undoLogger.actionPerformed 287 - Undo
2017-09-10 17:00:39,726  INFO [AWT-EventQueue-0] - undoLogger.undoPress 348 - 990
2017-09-10 17:00:39,726  INFO [AWT-EventQueue-0] - undoLogger.undoPress 349 - 990
2017-09-10 17:00:39,726  INFO [AWT-EventQueue-0] - undoLogger.undoPress 350 - 990
2017-09-10 17:00:39,726  INFO [AWT-EventQueue-0] - undoLogger.undoPress 351 - 990
2017-09-10 17:00:40,079  INFO [AWT-EventQueue-0] - undoLogger.actionPerformed 287 - Undo
2017-09-10 17:00:40,079  INFO [AWT-EventQueue-0] - undoLogger.undoPress 348 - 990
2017-09-10 17:00:40,079  INFO [AWT-EventQueue-0] - undoLogger.undoPress 349 - 990
2017-09-10 17:00:40,079  INFO [AWT-EventQueue-0] - undoLogger.undoPress 350 - 990
2017-09-10 17:00:40,079  INFO [AWT-EventQueue-0] - undoLogger.undoPress 351 - 990
2017-09-10 17:00:40,079  INFO [AWT-EventQueue-0] - undoLogger.actionPerformed 287 - Undo
2017-09-10 17:00:40,079  INFO [AWT-EventQueue-0] - undoLogger.undoPress 348 - 990
2017-09-10 17:00:40,079  INFO [AWT-EventQueue-0] - undoLogger.undoPress 349 - 990
2017-09-10 17:00:40,079  INFO [AWT-EventQueue-0] - undoLogger.undoPress 350 - 990
2017-09-10 17:00:40,079  INFO [AWT-EventQueue-0] - undoLogger.undoPress 351 - 990
2017-09-10 18:56:46,440 DEBUG [AWT-EventQueue-0] - com.breakout.command.TimerCommand.execute 40 - 00:00
2017-09-10 18:56:47,118 DEBUG [AWT-EventQueue-0] - com.breakout.command.TimerCommand.execute 40 - 00:01
2017-09-10 18:56:47,787 DEBUG [AWT-EventQueue-0] - com.breakout.command.TimerCommand.execute 40 - 00:02
2017-09-10 18:56:48,357 DEBUG [AWT-EventQueue-0] - com.breakout.command.TimerCommand.execute 40 - 00:03
2017-09-10 18:56:48,916 DEBUG [AWT-EventQueue-0] - com.breakout.command.TimerCommand.execute 40 - 00:04
2017-09-10 18:56:49,490 DEBUG [AWT-EventQueue-0] - com.breakout.command.TimerCommand.execute 40 - 00:05
2017-09-10 18:56:52,258 DEBUG [AWT-EventQueue-0] - com.breakout.command.TimerCommand.execute 40 - 00:00
2017-09-10 18:56:52,866 DEBUG [AWT-EventQueue-0] - com.breakout.command.TimerCommand.execute 40 - 00:01
2017-09-10 18:56:53,475 DEBUG [AWT-EventQueue-0] - com.breakout.command.TimerCommand.execute 40 - 00:02
2017-09-10 18:56:54,544  INFO [AWT-EventQueue-0] - undoLogger.actionPerformed 288 - Undo
2017-09-10 18:56:54,544  INFO [AWT-EventQueue-0] - undoLogger.undoPress 349 - 309
2017-09-10 18:56:54,544  INFO [AWT-EventQueue-0] - undoLogger.undoPress 350 - 309
2017-09-10 18:56:54,544  INFO [AWT-EventQueue-0] - undoLogger.undoPress 351 - 309
2017-09-10 18:56:54,544  INFO [AWT-EventQueue-0] - undoLogger.undoPress 352 - 309
2017-09-10 18:56:54,544 DEBUG [AWT-EventQueue-0] - com.breakout.command.TimerCommand.undo 49 - 00:02
2017-09-10 18:56:55,860 DEBUG [Thread-2] - com.breakout.command.TimerCommand.undo 49 - 00:00
2017-09-10 18:56:55,907 DEBUG [Thread-2] - com.breakout.command.TimerCommand.undo 49 - 00:00
2017-09-10 18:56:55,944 DEBUG [Thread-2] - com.breakout.command.TimerCommand.undo 49 - 00:00
2017-09-10 18:56:55,976 DEBUG [Thread-2] - com.breakout.command.TimerCommand.undo 49 - 00:00
2017-09-10 18:56:56,007 DEBUG [Thread-2] - com.breakout.command.TimerCommand.undo 49 - 00:00
2017-09-10 18:56:56,045 DEBUG [Thread-2] - com.breakout.command.TimerCommand.undo 49 - 00:00
2017-09-10 18:56:56,076 DEBUG [Thread-2] - com.breakout.command.TimerCommand.undo 49 - 00:00
2017-09-10 18:56:56,107 DEBUG [Thread-2] - com.breakout.command.TimerCommand.undo 49 - 00:00
2017-09-10 18:56:56,137 DEBUG [Thread-2] - com.breakout.command.TimerCommand.undo 49 - 00:00
2017-09-10 18:56:56,186 DEBUG [Thread-2] - com.breakout.command.TimerCommand.undo 49 - 00:00
2017-09-10 18:56:56,217 DEBUG [Thread-2] - com.breakout.command.TimerCommand.undo 49 - 00:00
2017-09-10 18:56:56,261 DEBUG [Thread-2] - com.breakout.command.TimerCommand.undo 49 - 00:00
2017-09-10 18:56:56,292 DEBUG [Thread-2] - com.breakout.command.TimerCommand.undo 49 - 00:00
2017-09-10 18:56:56,324 DEBUG [Thread-2] - com.breakout.command.TimerCommand.undo 49 - 00:00
2017-09-10 18:56:56,361 DEBUG [Thread-2] - com.breakout.command.TimerCommand.undo 49 - 00:00
2017-09-10 18:56:56,392 DEBUG [Thread-2] - com.breakout.command.TimerCommand.undo 49 - 00:00
2017-09-10 18:56:56,424 DEBUG [Thread-2] - com.breakout.command.TimerCommand.undo 49 - 00:00
2017-09-10 18:56:56,462 DEBUG [Thread-2] - com.breakout.command.TimerCommand.undo 49 - 00:00
2017-09-10 18:56:56,493 DEBUG [Thread-2] - com.breakout.command.TimerCommand.undo 49 - 00:00
2017-09-10 18:56:56,524 DEBUG [Thread-2] - com.breakout.command.TimerCommand.undo 49 - 00:00
2017-09-10 18:56:56,561 DEBUG [Thread-2] - com.breakout.command.TimerCommand.undo 49 - 00:00
2017-09-10 18:56:56,593 DEBUG [Thread-2] - com.breakout.command.TimerCommand.undo 49 - 00:00
2017-09-10 18:56:56,624 DEBUG [Thread-2] - com.breakout.command.TimerCommand.undo 49 - 00:00
2017-09-10 18:56:56,662 DEBUG [Thread-2] - com.breakout.command.TimerCommand.undo 49 - 00:00
2017-09-10 18:56:56,693 DEBUG [Thread-2] - com.breakout.command.TimerCommand.undo 49 - 00:00
2017-09-10 18:56:56,746 DEBUG [Thread-2] - com.breakout.command.TimerCommand.undo 49 - 00:00
2017-09-10 18:56:56,777 DEBUG [Thread-2] - com.breakout.command.TimerCommand.undo 49 - 00:00
2017-09-10 18:56:56,809 DEBUG [Thread-2] - com.breakout.command.TimerCommand.undo 49 - 00:00
2017-09-10 18:56:56,846 DEBUG [Thread-2] - com.breakout.command.TimerCommand.undo 49 - 00:00
2017-09-10 18:56:56,877 DEBUG [Thread-2] - com.breakout.command.TimerCommand.undo 49 - 00:00
2017-09-10 18:56:56,917 DEBUG [Thread-2] - com.breakout.command.TimerCommand.undo 49 - 00:00
2017-09-10 18:56:56,961 DEBUG [Thread-2] - com.breakout.command.TimerCommand.undo 49 - 00:00
2017-09-10 18:56:56,993 DEBUG [Thread-2] - com.breakout.command.TimerCommand.undo 49 - 00:00
2017-09-10 18:56:57,024 DEBUG [Thread-2] - com.breakout.command.TimerCommand.undo 49 - 00:00
2017-09-10 18:56:57,061 DEBUG [Thread-2] - com.breakout.command.TimerCommand.undo 49 - 00:00
2017-09-10 18:56:57,093 DEBUG [Thread-2] - com.breakout.command.TimerCommand.undo 49 - 00:00
2017-09-10 18:56:57,146 DEBUG [Thread-2] - com.breakout.command.TimerCommand.undo 49 - 00:00
2017-09-10 18:56:57,191 DEBUG [Thread-2] - com.breakout.command.TimerCommand.undo 49 - 00:00
2017-09-10 18:56:57,222 DEBUG [Thread-2] - com.breakout.command.TimerCommand.undo 49 - 00:00
2017-09-10 18:56:57,262 DEBUG [Thread-2] - com.breakout.command.TimerCommand.undo 49 - 00:00
2017-09-10 18:56:57,293 DEBUG [Thread-2] - com.breakout.command.TimerCommand.undo 49 - 00:00
2017-09-10 18:56:57,324 DEBUG [Thread-2] - com.breakout.command.TimerCommand.undo 49 - 00:01
2017-09-10 18:56:57,362 DEBUG [Thread-2] - com.breakout.command.TimerCommand.undo 49 - 00:01
2017-09-10 18:56:57,393 DEBUG [Thread-2] - com.breakout.command.TimerCommand.undo 49 - 00:01
2017-09-10 18:56:57,424 DEBUG [Thread-2] - com.breakout.command.TimerCommand.undo 49 - 00:01
2017-09-10 18:56:57,461 DEBUG [Thread-2] - com.breakout.command.TimerCommand.undo 49 - 00:01
2017-09-10 18:56:57,493 DEBUG [Thread-2] - com.breakout.command.TimerCommand.undo 49 - 00:01
2017-09-10 18:56:57,524 DEBUG [Thread-2] - com.breakout.command.TimerCommand.undo 49 - 00:01
2017-09-10 18:56:57,561 DEBUG [Thread-2] - com.breakout.command.TimerCommand.undo 49 - 00:01
2017-09-10 18:56:57,592 DEBUG [Thread-2] - com.breakout.command.TimerCommand.undo 49 - 00:01
2017-09-10 18:56:57,624 DEBUG [Thread-2] - com.breakout.command.TimerCommand.undo 49 - 00:01
2017-09-10 18:56:57,661 DEBUG [Thread-2] - com.breakout.command.TimerCommand.undo 49 - 00:01
2017-09-10 18:56:57,710 DEBUG [Thread-2] - com.breakout.command.TimerCommand.undo 49 - 00:01
2017-09-10 18:56:57,746 DEBUG [Thread-2] - com.breakout.command.TimerCommand.undo 49 - 00:01
2017-09-10 18:56:57,777 DEBUG [Thread-2] - com.breakout.command.TimerCommand.undo 49 - 00:01
2017-09-10 18:56:57,810 DEBUG [Thread-2] - com.breakout.command.TimerCommand.undo 49 - 00:01
2017-09-10 18:56:57,846 DEBUG [Thread-2] - com.breakout.command.TimerCommand.undo 49 - 00:01
2017-09-10 18:56:57,877 DEBUG [Thread-2] - com.breakout.command.TimerCommand.undo 49 - 00:01
2017-09-10 18:56:57,908 DEBUG [Thread-2] - com.breakout.command.TimerCommand.undo 49 - 00:01
2017-09-10 18:56:57,946 DEBUG [Thread-2] - com.breakout.command.TimerCommand.undo 49 - 00:01
2017-09-10 18:56:57,977 DEBUG [Thread-2] - com.breakout.command.TimerCommand.undo 49 - 00:01
2017-09-10 18:56:58,008 DEBUG [Thread-2] - com.breakout.command.TimerCommand.undo 49 - 00:01
2017-09-10 18:56:58,046 DEBUG [Thread-2] - com.breakout.command.TimerCommand.undo 49 - 00:01
2017-09-10 18:56:58,077 DEBUG [Thread-2] - com.breakout.command.TimerCommand.undo 49 - 00:01
2017-09-10 18:56:58,109 DEBUG [Thread-2] - com.breakout.command.TimerCommand.undo 49 - 00:01
2017-09-10 19:30:40,046 DEBUG [AWT-EventQueue-0] - timeLogger.execute 37 - 00:00
2017-09-10 19:30:41,380 DEBUG [AWT-EventQueue-0] - timeLogger.execute 37 - 00:01
2017-09-10 19:30:42,709 DEBUG [AWT-EventQueue-0] - timeLogger.execute 37 - 00:02
2017-09-10 19:30:44,063 DEBUG [AWT-EventQueue-0] - timeLogger.execute 37 - 00:03
2017-09-10 19:30:45,632  INFO [AWT-EventQueue-0] - undoLogger.actionPerformed 288 - Undo
2017-09-10 19:30:45,632  INFO [AWT-EventQueue-0] - undoLogger.undoPress 353 - 121
2017-09-10 19:30:45,632  INFO [AWT-EventQueue-0] - undoLogger.undoPress 355 - 121
2017-09-10 19:30:45,632  INFO [AWT-EventQueue-0] - undoLogger.undoPress 357 - 121
2017-09-10 19:30:45,632  INFO [AWT-EventQueue-0] - undoLogger.undoPress 359 - 121
2017-09-10 19:30:45,632 DEBUG [AWT-EventQueue-0] - timeLogger.undo 45 - 00:02
2017-09-10 19:30:54,545 DEBUG [AWT-EventQueue-0] - timeLogger.execute 37 - 00:00
2017-09-10 19:30:55,893 DEBUG [AWT-EventQueue-0] - timeLogger.execute 37 - 00:01
2017-09-10 19:30:57,225 DEBUG [AWT-EventQueue-0] - timeLogger.execute 37 - 00:02
2017-09-10 19:30:58,928 DEBUG [Thread-2] - timeLogger.undo 45 - 00:00
2017-09-10 19:30:58,967 DEBUG [Thread-2] - timeLogger.undo 45 - 00:00
2017-09-10 19:30:58,998 DEBUG [Thread-2] - timeLogger.undo 45 - 00:00
2017-09-10 19:30:59,030 DEBUG [Thread-2] - timeLogger.undo 45 - 00:00
2017-09-10 19:30:59,067 DEBUG [Thread-2] - timeLogger.undo 45 - 00:00
2017-09-10 19:30:59,098 DEBUG [Thread-2] - timeLogger.undo 45 - 00:00
2017-09-10 19:30:59,130 DEBUG [Thread-2] - timeLogger.undo 45 - 00:00
2017-09-10 19:30:59,167 DEBUG [Thread-2] - timeLogger.undo 45 - 00:00
2017-09-10 19:30:59,198 DEBUG [Thread-2] - timeLogger.undo 45 - 00:00
2017-09-10 19:30:59,229 DEBUG [Thread-2] - timeLogger.undo 45 - 00:00
2017-09-10 19:30:59,268 DEBUG [Thread-2] - timeLogger.undo 45 - 00:00
2017-09-10 19:30:59,299 DEBUG [Thread-2] - timeLogger.undo 45 - 00:00
2017-09-10 19:30:59,330 DEBUG [Thread-2] - timeLogger.undo 45 - 00:00
2017-09-10 19:30:59,362 DEBUG [Thread-2] - timeLogger.undo 45 - 00:00
2017-09-10 19:30:59,394 DEBUG [Thread-2] - timeLogger.undo 45 - 00:00
2017-09-10 19:30:59,426 DEBUG [Thread-2] - timeLogger.undo 45 - 00:00
2017-09-10 19:30:59,468 DEBUG [Thread-2] - timeLogger.undo 45 - 00:00
2017-09-10 19:30:59,499 DEBUG [Thread-2] - timeLogger.undo 45 - 00:00
2017-09-10 19:30:59,530 DEBUG [Thread-2] - timeLogger.undo 45 - 00:00
2017-09-10 19:30:59,568 DEBUG [Thread-2] - timeLogger.undo 45 - 00:00
2017-09-10 19:30:59,613 DEBUG [Thread-2] - timeLogger.undo 45 - 00:00
2017-09-10 19:30:59,652 DEBUG [Thread-2] - timeLogger.undo 45 - 00:00
2017-09-10 19:30:59,684 DEBUG [Thread-2] - timeLogger.undo 45 - 00:00
2017-09-10 19:30:59,715 DEBUG [Thread-2] - timeLogger.undo 45 - 00:00
2017-09-10 19:30:59,752 DEBUG [Thread-2] - timeLogger.undo 45 - 00:00
2017-09-10 19:30:59,783 DEBUG [Thread-2] - timeLogger.undo 45 - 00:00
2017-09-10 19:30:59,815 DEBUG [Thread-2] - timeLogger.undo 45 - 00:00
2017-09-10 19:30:59,852 DEBUG [Thread-2] - timeLogger.undo 45 - 00:00
2017-09-10 19:30:59,884 DEBUG [Thread-2] - timeLogger.undo 45 - 00:00
2017-09-10 19:30:59,928 DEBUG [Thread-2] - timeLogger.undo 45 - 00:00
2017-09-10 19:30:59,968 DEBUG [Thread-2] - timeLogger.undo 45 - 00:00
2017-09-10 19:31:00,000 DEBUG [Thread-2] - timeLogger.undo 45 - 00:00
2017-09-10 19:31:00,031 DEBUG [Thread-2] - timeLogger.undo 45 - 00:00
2017-09-10 19:31:00,068 DEBUG [Thread-2] - timeLogger.undo 45 - 00:00
2017-09-10 19:31:00,100 DEBUG [Thread-2] - timeLogger.undo 45 - 00:00
2017-09-10 19:31:00,131 DEBUG [Thread-2] - timeLogger.undo 45 - 00:00
2017-09-10 19:31:00,168 DEBUG [Thread-2] - timeLogger.undo 45 - 00:00
2017-09-10 19:31:00,199 DEBUG [Thread-2] - timeLogger.undo 45 - 00:00
2017-09-10 19:31:00,231 DEBUG [Thread-2] - timeLogger.undo 45 - 00:00
2017-09-10 19:31:00,268 DEBUG [Thread-2] - timeLogger.undo 45 - 00:00
2017-09-10 19:31:00,299 DEBUG [Thread-2] - timeLogger.undo 45 - 00:00
2017-09-10 19:31:00,331 DEBUG [Thread-2] - timeLogger.undo 45 - 00:01
2017-09-10 19:31:00,368 DEBUG [Thread-2] - timeLogger.undo 45 - 00:01
2017-09-10 19:31:00,400 DEBUG [Thread-2] - timeLogger.undo 45 - 00:01
2017-09-10 19:31:00,430 DEBUG [Thread-2] - timeLogger.undo 45 - 00:01
2017-09-10 19:31:00,476 DEBUG [Thread-2] - timeLogger.undo 45 - 00:01
2017-09-10 19:31:00,507 DEBUG [Thread-2] - timeLogger.undo 45 - 00:01
2017-09-10 19:31:00,552 DEBUG [Thread-2] - timeLogger.undo 45 - 00:01
2017-09-10 19:31:00,584 DEBUG [Thread-2] - timeLogger.undo 45 - 00:01
2017-09-10 19:31:00,615 DEBUG [Thread-2] - timeLogger.undo 45 - 00:01
2017-09-10 19:31:00,652 DEBUG [Thread-2] - timeLogger.undo 45 - 00:01
2017-09-10 19:31:00,684 DEBUG [Thread-2] - timeLogger.undo 45 - 00:01
2017-09-10 19:31:00,715 DEBUG [Thread-2] - timeLogger.undo 45 - 00:01
2017-09-10 19:31:00,752 DEBUG [Thread-2] - timeLogger.undo 45 - 00:01
2017-09-10 19:31:00,784 DEBUG [Thread-2] - timeLogger.undo 45 - 00:01
2017-09-10 19:31:00,815 DEBUG [Thread-2] - timeLogger.undo 45 - 00:01
2017-09-10 19:31:00,852 DEBUG [Thread-2] - timeLogger.undo 45 - 00:01
2017-09-10 19:31:00,884 DEBUG [Thread-2] - timeLogger.undo 45 - 00:01
2017-09-10 19:31:00,915 DEBUG [Thread-2] - timeLogger.undo 45 - 00:01
2017-09-10 19:31:00,953 DEBUG [Thread-2] - timeLogger.undo 45 - 00:01
2017-09-10 19:31:00,996 DEBUG [Thread-2] - timeLogger.undo 45 - 00:01
2017-09-10 19:31:01,027 DEBUG [Thread-2] - timeLogger.undo 45 - 00:01
2017-09-10 19:31:01,069 DEBUG [Thread-2] - timeLogger.undo 45 - 00:01
2017-09-10 19:31:01,100 DEBUG [Thread-2] - timeLogger.undo 45 - 00:01
2017-09-10 19:31:01,131 DEBUG [Thread-2] - timeLogger.undo 45 - 00:01
2017-09-10 19:31:01,169 DEBUG [Thread-2] - timeLogger.undo 45 - 00:01
2017-09-10 19:31:01,200 DEBUG [Thread-2] - timeLogger.undo 45 - 00:01
2017-09-10 19:31:01,230 DEBUG [Thread-2] - timeLogger.undo 45 - 00:01
2017-09-10 19:31:01,277 DEBUG [Thread-2] - timeLogger.undo 45 - 00:01
2017-09-10 19:31:01,309 DEBUG [Thread-2] - timeLogger.undo 45 - 00:01
2017-09-10 19:31:01,353 DEBUG [Thread-2] - timeLogger.undo 45 - 00:01
2017-09-10 19:31:01,384 DEBUG [Thread-2] - timeLogger.undo 45 - 00:01
2017-09-10 19:31:01,416 DEBUG [Thread-2] - timeLogger.undo 45 - 00:01
2017-09-10 19:31:01,453 DEBUG [Thread-2] - timeLogger.undo 45 - 00:01
2017-09-10 19:31:01,483 DEBUG [Thread-2] - timeLogger.undo 45 - 00:01
2017-09-10 19:31:01,526 DEBUG [Thread-2] - timeLogger.undo 45 - 00:01
2017-09-10 19:31:01,569 DEBUG [Thread-2] - timeLogger.undo 45 - 00:01
2017-09-10 19:31:01,601 DEBUG [Thread-2] - timeLogger.undo 45 - 00:01
2017-09-10 19:31:01,654 DEBUG [Thread-2] - timeLogger.undo 45 - 00:01
2017-09-10 19:31:01,685 DEBUG [Thread-2] - timeLogger.undo 45 - 00:01
2017-09-10 19:31:01,716 DEBUG [Thread-2] - timeLogger.undo 45 - 00:01
2017-09-10 19:31:01,754 DEBUG [Thread-2] - timeLogger.undo 45 - 00:02
2017-09-10 19:31:01,785 DEBUG [Thread-2] - timeLogger.undo 45 - 00:02
2017-09-10 19:31:01,816 DEBUG [Thread-2] - timeLogger.undo 45 - 00:02
2017-09-10 19:31:01,855 DEBUG [Thread-2] - timeLogger.undo 45 - 00:02
2017-09-10 19:31:01,886 DEBUG [Thread-2] - timeLogger.undo 45 - 00:02
2017-09-10 19:37:14,278 DEBUG [AWT-EventQueue-0] - timeLogger.execute 37 - 00:00
2017-09-10 19:37:15,615 DEBUG [AWT-EventQueue-0] - timeLogger.execute 37 - 00:01
2017-09-10 19:37:16,949 DEBUG [AWT-EventQueue-0] - timeLogger.execute 37 - 00:02
2017-09-10 19:37:18,301 DEBUG [AWT-EventQueue-0] - timeLogger.execute 37 - 00:03
2017-09-10 19:37:19,635 DEBUG [AWT-EventQueue-0] - timeLogger.execute 37 - 00:04
2017-09-10 19:37:20,974 DEBUG [AWT-EventQueue-0] - timeLogger.execute 37 - 00:05
2017-09-10 19:37:22,307 DEBUG [AWT-EventQueue-0] - timeLogger.execute 37 - 00:06
2017-09-10 19:37:24,136  INFO [AWT-EventQueue-0] - undoLogger.actionPerformed 288 - Undo
2017-09-10 19:37:24,137  INFO [AWT-EventQueue-0] - undoLogger.undoPress 353 - 263
2017-09-10 19:37:24,137  INFO [AWT-EventQueue-0] - undoLogger.undoPress 355 - 263
2017-09-10 19:37:24,137  INFO [AWT-EventQueue-0] - undoLogger.undoPress 357 - 263
2017-09-10 19:37:24,138  INFO [AWT-EventQueue-0] - undoLogger.undoPress 359 - 263
2017-09-10 19:37:24,138 DEBUG [AWT-EventQueue-0] - timeLogger.undo 45 - 00:06
2017-09-10 19:37:24,384  INFO [AWT-EventQueue-0] - undoLogger.actionPerformed 288 - Undo
2017-09-10 19:37:24,384  INFO [AWT-EventQueue-0] - undoLogger.undoPress 353 - 263
2017-09-10 19:37:24,384  INFO [AWT-EventQueue-0] - undoLogger.undoPress 355 - 263
2017-09-10 19:37:24,384  INFO [AWT-EventQueue-0] - undoLogger.undoPress 357 - 263
2017-09-10 19:37:24,384  INFO [AWT-EventQueue-0] - undoLogger.undoPress 359 - 263
2017-09-10 19:37:24,384 DEBUG [AWT-EventQueue-0] - timeLogger.undo 45 - 00:06
2017-09-10 19:37:24,560  INFO [AWT-EventQueue-0] - undoLogger.actionPerformed 288 - Undo
2017-09-10 19:37:24,560  INFO [AWT-EventQueue-0] - undoLogger.undoPress 353 - 263
2017-09-10 19:37:24,560  INFO [AWT-EventQueue-0] - undoLogger.undoPress 355 - 263
2017-09-10 19:37:24,560  INFO [AWT-EventQueue-0] - undoLogger.undoPress 357 - 263
2017-09-10 19:37:24,560  INFO [AWT-EventQueue-0] - undoLogger.undoPress 359 - 263
2017-09-10 19:37:24,560 DEBUG [AWT-EventQueue-0] - timeLogger.undo 45 - 00:06
2017-09-10 19:37:24,751  INFO [AWT-EventQueue-0] - undoLogger.actionPerformed 288 - Undo
2017-09-10 19:37:24,751  INFO [AWT-EventQueue-0] - undoLogger.undoPress 353 - 263
2017-09-10 19:37:24,751  INFO [AWT-EventQueue-0] - undoLogger.undoPress 355 - 263
2017-09-10 19:37:24,751  INFO [AWT-EventQueue-0] - undoLogger.undoPress 357 - 263
2017-09-10 19:37:24,751  INFO [AWT-EventQueue-0] - undoLogger.undoPress 359 - 263
2017-09-10 19:37:24,751 DEBUG [AWT-EventQueue-0] - timeLogger.undo 45 - 00:06
2017-09-10 19:37:24,928  INFO [AWT-EventQueue-0] - undoLogger.actionPerformed 288 - Undo
2017-09-10 19:37:24,929  INFO [AWT-EventQueue-0] - undoLogger.undoPress 353 - 263
2017-09-10 19:37:24,930  INFO [AWT-EventQueue-0] - undoLogger.undoPress 355 - 263
2017-09-10 19:37:24,930  INFO [AWT-EventQueue-0] - undoLogger.undoPress 357 - 263
2017-09-10 19:37:24,930  INFO [AWT-EventQueue-0] - undoLogger.undoPress 359 - 263
2017-09-10 19:37:24,930 DEBUG [AWT-EventQueue-0] - timeLogger.undo 45 - 00:06
2017-09-10 19:37:25,109  INFO [AWT-EventQueue-0] - undoLogger.actionPerformed 288 - Undo
2017-09-10 19:37:25,110  INFO [AWT-EventQueue-0] - undoLogger.undoPress 353 - 263
2017-09-10 19:37:25,110  INFO [AWT-EventQueue-0] - undoLogger.undoPress 355 - 263
2017-09-10 19:37:25,110  INFO [AWT-EventQueue-0] - undoLogger.undoPress 357 - 263
2017-09-10 19:37:25,110  INFO [AWT-EventQueue-0] - undoLogger.undoPress 359 - 263
2017-09-10 19:37:25,110 DEBUG [AWT-EventQueue-0] - timeLogger.undo 45 - 00:06
2017-09-10 19:37:25,300  INFO [AWT-EventQueue-0] - undoLogger.actionPerformed 288 - Undo
2017-09-10 19:37:25,301  INFO [AWT-EventQueue-0] - undoLogger.undoPress 353 - 263
2017-09-10 19:37:25,301  INFO [AWT-EventQueue-0] - undoLogger.undoPress 355 - 263
2017-09-10 19:37:25,301  INFO [AWT-EventQueue-0] - undoLogger.undoPress 357 - 263
2017-09-10 19:37:25,301  INFO [AWT-EventQueue-0] - undoLogger.undoPress 359 - 263
2017-09-10 19:37:25,301 DEBUG [AWT-EventQueue-0] - timeLogger.undo 45 - 00:06
2017-09-10 19:37:25,563  INFO [AWT-EventQueue-0] - undoLogger.actionPerformed 288 - Undo
2017-09-10 19:37:25,563  INFO [AWT-EventQueue-0] - undoLogger.undoPress 353 - 263
2017-09-10 19:37:25,563  INFO [AWT-EventQueue-0] - undoLogger.undoPress 355 - 263
2017-09-10 19:37:25,563  INFO [AWT-EventQueue-0] - undoLogger.undoPress 357 - 263
2017-09-10 19:37:25,563  INFO [AWT-EventQueue-0] - undoLogger.undoPress 359 - 263
2017-09-10 19:37:25,563 DEBUG [AWT-EventQueue-0] - timeLogger.undo 45 - 00:06
2017-09-10 19:37:25,771  INFO [AWT-EventQueue-0] - undoLogger.actionPerformed 288 - Undo
2017-09-10 19:37:25,772  INFO [AWT-EventQueue-0] - undoLogger.undoPress 353 - 263
2017-09-10 19:37:25,772  INFO [AWT-EventQueue-0] - undoLogger.undoPress 355 - 263
2017-09-10 19:37:25,773  INFO [AWT-EventQueue-0] - undoLogger.undoPress 357 - 263
2017-09-10 19:37:25,774  INFO [AWT-EventQueue-0] - undoLogger.undoPress 359 - 263
2017-09-10 19:37:25,774 DEBUG [AWT-EventQueue-0] - timeLogger.undo 45 - 00:06
2017-09-10 19:37:25,978  INFO [AWT-EventQueue-0] - undoLogger.actionPerformed 288 - Undo
2017-09-10 19:37:25,978  INFO [AWT-EventQueue-0] - undoLogger.undoPress 353 - 263
2017-09-10 19:37:25,978  INFO [AWT-EventQueue-0] - undoLogger.undoPress 355 - 263
2017-09-10 19:37:25,978  INFO [AWT-EventQueue-0] - undoLogger.undoPress 357 - 263
2017-09-10 19:37:25,980  INFO [AWT-EventQueue-0] - undoLogger.undoPress 359 - 263
2017-09-10 19:37:25,980 DEBUG [AWT-EventQueue-0] - timeLogger.undo 45 - 00:06
2017-09-10 19:37:26,170  INFO [AWT-EventQueue-0] - undoLogger.actionPerformed 288 - Undo
2017-09-10 19:37:26,171  INFO [AWT-EventQueue-0] - undoLogger.undoPress 353 - 263
2017-09-10 19:37:26,171  INFO [AWT-EventQueue-0] - undoLogger.undoPress 355 - 263
2017-09-10 19:37:26,172  INFO [AWT-EventQueue-0] - undoLogger.undoPress 357 - 263
2017-09-10 19:37:26,172  INFO [AWT-EventQueue-0] - undoLogger.undoPress 359 - 263
2017-09-10 19:37:26,172 DEBUG [AWT-EventQueue-0] - timeLogger.undo 45 - 00:06
2017-09-10 19:37:26,377  INFO [AWT-EventQueue-0] - undoLogger.actionPerformed 288 - Undo
2017-09-10 19:37:26,377  INFO [AWT-EventQueue-0] - undoLogger.undoPress 353 - 263
2017-09-10 19:37:26,377  INFO [AWT-EventQueue-0] - undoLogger.undoPress 355 - 263
2017-09-10 19:37:26,377  INFO [AWT-EventQueue-0] - undoLogger.undoPress 357 - 263
2017-09-10 19:37:26,377  INFO [AWT-EventQueue-0] - undoLogger.undoPress 359 - 263
2017-09-10 19:37:26,378 DEBUG [AWT-EventQueue-0] - timeLogger.undo 45 - 00:06
2017-09-10 19:37:26,624  INFO [AWT-EventQueue-0] - undoLogger.actionPerformed 288 - Undo
2017-09-10 19:37:26,624  INFO [AWT-EventQueue-0] - undoLogger.undoPress 353 - 263
2017-09-10 19:37:26,624  INFO [AWT-EventQueue-0] - undoLogger.undoPress 355 - 263
2017-09-10 19:37:26,624  INFO [AWT-EventQueue-0] - undoLogger.undoPress 357 - 263
2017-09-10 19:37:26,624  INFO [AWT-EventQueue-0] - undoLogger.undoPress 359 - 263
2017-09-10 19:37:26,624 DEBUG [AWT-EventQueue-0] - timeLogger.undo 45 - 00:06
2017-09-10 19:37:26,824  INFO [AWT-EventQueue-0] - undoLogger.actionPerformed 288 - Undo
2017-09-10 19:37:26,824  INFO [AWT-EventQueue-0] - undoLogger.undoPress 353 - 263
2017-09-10 19:37:26,824  INFO [AWT-EventQueue-0] - undoLogger.undoPress 355 - 263
2017-09-10 19:37:26,825  INFO [AWT-EventQueue-0] - undoLogger.undoPress 357 - 263
2017-09-10 19:37:26,825  INFO [AWT-EventQueue-0] - undoLogger.undoPress 359 - 263
2017-09-10 19:37:26,825 DEBUG [AWT-EventQueue-0] - timeLogger.undo 45 - 00:06
2017-09-10 19:37:27,018  INFO [AWT-EventQueue-0] - undoLogger.actionPerformed 288 - Undo
2017-09-10 19:37:27,018  INFO [AWT-EventQueue-0] - undoLogger.undoPress 353 - 263
2017-09-10 19:37:27,018  INFO [AWT-EventQueue-0] - undoLogger.undoPress 355 - 263
2017-09-10 19:37:27,019  INFO [AWT-EventQueue-0] - undoLogger.undoPress 357 - 263
2017-09-10 19:37:27,019  INFO [AWT-EventQueue-0] - undoLogger.undoPress 359 - 263
2017-09-10 19:37:27,019 DEBUG [AWT-EventQueue-0] - timeLogger.undo 45 - 00:06
2017-09-10 19:37:27,218  INFO [AWT-EventQueue-0] - undoLogger.actionPerformed 288 - Undo
2017-09-10 19:37:27,218  INFO [AWT-EventQueue-0] - undoLogger.undoPress 353 - 263
2017-09-10 19:37:27,218  INFO [AWT-EventQueue-0] - undoLogger.undoPress 355 - 263
2017-09-10 19:37:27,218  INFO [AWT-EventQueue-0] - undoLogger.undoPress 357 - 263
2017-09-10 19:37:27,218  INFO [AWT-EventQueue-0] - undoLogger.undoPress 359 - 263
2017-09-10 19:37:27,218 DEBUG [AWT-EventQueue-0] - timeLogger.undo 45 - 00:06
2017-09-10 19:37:27,402  INFO [AWT-EventQueue-0] - undoLogger.actionPerformed 288 - Undo
2017-09-10 19:37:27,402  INFO [AWT-EventQueue-0] - undoLogger.undoPress 353 - 263
2017-09-10 19:37:27,402  INFO [AWT-EventQueue-0] - undoLogger.undoPress 355 - 263
2017-09-10 19:37:27,402  INFO [AWT-EventQueue-0] - undoLogger.undoPress 357 - 263
2017-09-10 19:37:27,402  INFO [AWT-EventQueue-0] - undoLogger.undoPress 359 - 263
2017-09-10 19:37:27,402 DEBUG [AWT-EventQueue-0] - timeLogger.undo 45 - 00:06
2017-09-10 19:37:27,609  INFO [AWT-EventQueue-0] - undoLogger.actionPerformed 288 - Undo
2017-09-10 19:37:27,609  INFO [AWT-EventQueue-0] - undoLogger.undoPress 353 - 263
2017-09-10 19:37:27,609  INFO [AWT-EventQueue-0] - undoLogger.undoPress 355 - 263
2017-09-10 19:37:27,609  INFO [AWT-EventQueue-0] - undoLogger.undoPress 357 - 263
2017-09-10 19:37:27,609  INFO [AWT-EventQueue-0] - undoLogger.undoPress 359 - 263
2017-09-10 19:37:27,609 DEBUG [AWT-EventQueue-0] - timeLogger.undo 45 - 00:06
2017-09-10 19:37:27,827  INFO [AWT-EventQueue-0] - undoLogger.actionPerformed 288 - Undo
2017-09-10 19:37:27,827  INFO [AWT-EventQueue-0] - undoLogger.undoPress 353 - 263
2017-09-10 19:37:27,828  INFO [AWT-EventQueue-0] - undoLogger.undoPress 355 - 263
2017-09-10 19:37:27,828  INFO [AWT-EventQueue-0] - undoLogger.undoPress 357 - 263
2017-09-10 19:37:27,828  INFO [AWT-EventQueue-0] - undoLogger.undoPress 359 - 263
2017-09-10 19:37:27,828 DEBUG [AWT-EventQueue-0] - timeLogger.undo 45 - 00:06
2017-09-10 19:37:28,359  INFO [AWT-EventQueue-0] - undoLogger.actionPerformed 288 - Undo
2017-09-10 19:37:28,359  INFO [AWT-EventQueue-0] - undoLogger.undoPress 353 - 263
2017-09-10 19:37:28,359  INFO [AWT-EventQueue-0] - undoLogger.undoPress 355 - 263
2017-09-10 19:37:28,359  INFO [AWT-EventQueue-0] - undoLogger.undoPress 357 - 263
2017-09-10 19:37:28,359  INFO [AWT-EventQueue-0] - undoLogger.undoPress 359 - 263
2017-09-10 19:37:28,359 DEBUG [AWT-EventQueue-0] - timeLogger.undo 45 - 00:06
2017-09-10 19:37:28,551  INFO [AWT-EventQueue-0] - undoLogger.actionPerformed 288 - Undo
2017-09-10 19:37:28,551  INFO [AWT-EventQueue-0] - undoLogger.undoPress 353 - 263
2017-09-10 19:37:28,552  INFO [AWT-EventQueue-0] - undoLogger.undoPress 355 - 263
2017-09-10 19:37:28,552  INFO [AWT-EventQueue-0] - undoLogger.undoPress 357 - 263
2017-09-10 19:37:28,552  INFO [AWT-EventQueue-0] - undoLogger.undoPress 359 - 263
2017-09-10 19:37:28,552 DEBUG [AWT-EventQueue-0] - timeLogger.undo 45 - 00:06
2017-09-10 19:37:28,766  INFO [AWT-EventQueue-0] - undoLogger.actionPerformed 288 - Undo
2017-09-10 19:37:28,767  INFO [AWT-EventQueue-0] - undoLogger.undoPress 353 - 263
2017-09-10 19:37:28,767  INFO [AWT-EventQueue-0] - undoLogger.undoPress 355 - 263
2017-09-10 19:37:28,767  INFO [AWT-EventQueue-0] - undoLogger.undoPress 357 - 263
2017-09-10 19:37:28,767  INFO [AWT-EventQueue-0] - undoLogger.undoPress 359 - 263
2017-09-10 19:37:28,767 DEBUG [AWT-EventQueue-0] - timeLogger.undo 45 - 00:06
2017-09-10 19:37:28,975  INFO [AWT-EventQueue-0] - undoLogger.actionPerformed 288 - Undo
2017-09-10 19:37:28,975  INFO [AWT-EventQueue-0] - undoLogger.undoPress 353 - 263
2017-09-10 19:37:28,976  INFO [AWT-EventQueue-0] - undoLogger.undoPress 355 - 263
2017-09-10 19:37:28,976  INFO [AWT-EventQueue-0] - undoLogger.undoPress 357 - 263
2017-09-10 19:37:28,977  INFO [AWT-EventQueue-0] - undoLogger.undoPress 359 - 263
2017-09-10 19:37:28,977 DEBUG [AWT-EventQueue-0] - timeLogger.undo 45 - 00:05
2017-09-10 19:37:29,506  INFO [AWT-EventQueue-0] - undoLogger.actionPerformed 288 - Undo
2017-09-10 19:37:29,506  INFO [AWT-EventQueue-0] - undoLogger.undoPress 353 - 263
2017-09-10 19:37:29,507  INFO [AWT-EventQueue-0] - undoLogger.undoPress 355 - 263
2017-09-10 19:37:29,507  INFO [AWT-EventQueue-0] - undoLogger.undoPress 357 - 263
2017-09-10 19:37:29,507  INFO [AWT-EventQueue-0] - undoLogger.undoPress 359 - 263
2017-09-10 19:37:29,507 DEBUG [AWT-EventQueue-0] - timeLogger.undo 45 - 00:05
2017-09-10 19:37:29,690  INFO [AWT-EventQueue-0] - undoLogger.actionPerformed 288 - Undo
2017-09-10 19:37:29,691  INFO [AWT-EventQueue-0] - undoLogger.undoPress 353 - 263
2017-09-10 19:37:29,691  INFO [AWT-EventQueue-0] - undoLogger.undoPress 355 - 263
2017-09-10 19:37:29,691  INFO [AWT-EventQueue-0] - undoLogger.undoPress 357 - 263
2017-09-10 19:37:29,691  INFO [AWT-EventQueue-0] - undoLogger.undoPress 359 - 263
2017-09-10 19:37:29,691 DEBUG [AWT-EventQueue-0] - timeLogger.undo 45 - 00:05
2017-09-10 19:37:29,868  INFO [AWT-EventQueue-0] - undoLogger.actionPerformed 288 - Undo
2017-09-10 19:37:29,868  INFO [AWT-EventQueue-0] - undoLogger.undoPress 353 - 263
2017-09-10 19:37:29,868  INFO [AWT-EventQueue-0] - undoLogger.undoPress 355 - 263
2017-09-10 19:37:29,869  INFO [AWT-EventQueue-0] - undoLogger.undoPress 357 - 263
2017-09-10 19:37:29,869  INFO [AWT-EventQueue-0] - undoLogger.undoPress 359 - 263
2017-09-10 19:37:29,869 DEBUG [AWT-EventQueue-0] - timeLogger.undo 45 - 00:05
2017-09-10 19:37:30,048  INFO [AWT-EventQueue-0] - undoLogger.actionPerformed 288 - Undo
2017-09-10 19:37:30,048  INFO [AWT-EventQueue-0] - undoLogger.undoPress 353 - 263
2017-09-10 19:37:30,049  INFO [AWT-EventQueue-0] - undoLogger.undoPress 355 - 263
2017-09-10 19:37:30,049  INFO [AWT-EventQueue-0] - undoLogger.undoPress 357 - 263
2017-09-10 19:37:30,049  INFO [AWT-EventQueue-0] - undoLogger.undoPress 359 - 263
2017-09-10 19:37:30,049 DEBUG [AWT-EventQueue-0] - timeLogger.undo 45 - 00:05
2017-09-10 19:37:30,240  INFO [AWT-EventQueue-0] - undoLogger.actionPerformed 288 - Undo
2017-09-10 19:37:30,240  INFO [AWT-EventQueue-0] - undoLogger.undoPress 353 - 263
2017-09-10 19:37:30,240  INFO [AWT-EventQueue-0] - undoLogger.undoPress 355 - 263
2017-09-10 19:37:30,241  INFO [AWT-EventQueue-0] - undoLogger.undoPress 357 - 263
2017-09-10 19:37:30,241  INFO [AWT-EventQueue-0] - undoLogger.undoPress 359 - 263
2017-09-10 19:37:30,241 DEBUG [AWT-EventQueue-0] - timeLogger.undo 45 - 00:05
2017-09-10 19:37:30,431  INFO [AWT-EventQueue-0] - undoLogger.actionPerformed 288 - Undo
2017-09-10 19:37:30,431  INFO [AWT-EventQueue-0] - undoLogger.undoPress 353 - 263
2017-09-10 19:37:30,431  INFO [AWT-EventQueue-0] - undoLogger.undoPress 355 - 263
2017-09-10 19:37:30,431  INFO [AWT-EventQueue-0] - undoLogger.undoPress 357 - 263
2017-09-10 19:37:30,431  INFO [AWT-EventQueue-0] - undoLogger.undoPress 359 - 263
2017-09-10 19:37:30,431 DEBUG [AWT-EventQueue-0] - timeLogger.undo 45 - 00:05
2017-09-10 19:37:30,622  INFO [AWT-EventQueue-0] - undoLogger.actionPerformed 288 - Undo
2017-09-10 19:37:30,623  INFO [AWT-EventQueue-0] - undoLogger.undoPress 353 - 263
2017-09-10 19:37:30,623  INFO [AWT-EventQueue-0] - undoLogger.undoPress 355 - 263
2017-09-10 19:37:30,623  INFO [AWT-EventQueue-0] - undoLogger.undoPress 357 - 263
2017-09-10 19:37:30,623  INFO [AWT-EventQueue-0] - undoLogger.undoPress 359 - 263
2017-09-10 19:37:30,624 DEBUG [AWT-EventQueue-0] - timeLogger.undo 45 - 00:05
2017-09-10 19:37:30,814  INFO [AWT-EventQueue-0] - undoLogger.actionPerformed 288 - Undo
2017-09-10 19:37:30,814  INFO [AWT-EventQueue-0] - undoLogger.undoPress 353 - 263
2017-09-10 19:37:30,814  INFO [AWT-EventQueue-0] - undoLogger.undoPress 355 - 263
2017-09-10 19:37:30,814  INFO [AWT-EventQueue-0] - undoLogger.undoPress 357 - 263
2017-09-10 19:37:30,815  INFO [AWT-EventQueue-0] - undoLogger.undoPress 359 - 263
2017-09-10 19:37:30,815 DEBUG [AWT-EventQueue-0] - timeLogger.undo 45 - 00:05
2017-09-10 19:37:31,017  INFO [AWT-EventQueue-0] - undoLogger.actionPerformed 288 - Undo
2017-09-10 19:37:31,017  INFO [AWT-EventQueue-0] - undoLogger.undoPress 353 - 263
2017-09-10 19:37:31,017  INFO [AWT-EventQueue-0] - undoLogger.undoPress 355 - 263
2017-09-10 19:37:31,018  INFO [AWT-EventQueue-0] - undoLogger.undoPress 357 - 263
2017-09-10 19:37:31,018  INFO [AWT-EventQueue-0] - undoLogger.undoPress 359 - 263
2017-09-10 19:37:31,018 DEBUG [AWT-EventQueue-0] - timeLogger.undo 45 - 00:05
2017-09-10 19:37:31,226  INFO [AWT-EventQueue-0] - undoLogger.actionPerformed 288 - Undo
2017-09-10 19:37:31,226  INFO [AWT-EventQueue-0] - undoLogger.undoPress 353 - 263
2017-09-10 19:37:31,226  INFO [AWT-EventQueue-0] - undoLogger.undoPress 355 - 263
2017-09-10 19:37:31,226  INFO [AWT-EventQueue-0] - undoLogger.undoPress 357 - 263
2017-09-10 19:37:31,227  INFO [AWT-EventQueue-0] - undoLogger.undoPress 359 - 263
2017-09-10 19:37:31,227 DEBUG [AWT-EventQueue-0] - timeLogger.undo 45 - 00:05
2017-09-10 19:37:31,411  INFO [AWT-EventQueue-0] - undoLogger.actionPerformed 288 - Undo
2017-09-10 19:37:31,412  INFO [AWT-EventQueue-0] - undoLogger.undoPress 353 - 263
2017-09-10 19:37:31,412  INFO [AWT-EventQueue-0] - undoLogger.undoPress 355 - 263
2017-09-10 19:37:31,412  INFO [AWT-EventQueue-0] - undoLogger.undoPress 357 - 263
2017-09-10 19:37:31,412  INFO [AWT-EventQueue-0] - undoLogger.undoPress 359 - 263
2017-09-10 19:37:31,412 DEBUG [AWT-EventQueue-0] - timeLogger.undo 45 - 00:05
2017-09-10 19:37:31,593  INFO [AWT-EventQueue-0] - undoLogger.actionPerformed 288 - Undo
2017-09-10 19:37:31,593  INFO [AWT-EventQueue-0] - undoLogger.undoPress 353 - 263
2017-09-10 19:37:31,593  INFO [AWT-EventQueue-0] - undoLogger.undoPress 355 - 263
2017-09-10 19:37:31,593  INFO [AWT-EventQueue-0] - undoLogger.undoPress 357 - 263
2017-09-10 19:37:31,593  INFO [AWT-EventQueue-0] - undoLogger.undoPress 359 - 263
2017-09-10 19:37:31,593 DEBUG [AWT-EventQueue-0] - timeLogger.undo 45 - 00:05
2017-09-10 19:37:31,776  INFO [AWT-EventQueue-0] - undoLogger.actionPerformed 288 - Undo
2017-09-10 19:37:31,776  INFO [AWT-EventQueue-0] - undoLogger.undoPress 353 - 263
2017-09-10 19:37:31,776  INFO [AWT-EventQueue-0] - undoLogger.undoPress 355 - 263
2017-09-10 19:37:31,776  INFO [AWT-EventQueue-0] - undoLogger.undoPress 357 - 263
2017-09-10 19:37:31,776  INFO [AWT-EventQueue-0] - undoLogger.undoPress 359 - 263
2017-09-10 19:37:31,777 DEBUG [AWT-EventQueue-0] - timeLogger.undo 45 - 00:05
2017-09-10 19:37:31,966  INFO [AWT-EventQueue-0] - undoLogger.actionPerformed 288 - Undo
2017-09-10 19:37:31,967  INFO [AWT-EventQueue-0] - undoLogger.undoPress 353 - 263
2017-09-10 19:37:31,967  INFO [AWT-EventQueue-0] - undoLogger.undoPress 355 - 263
2017-09-10 19:37:31,967  INFO [AWT-EventQueue-0] - undoLogger.undoPress 357 - 263
2017-09-10 19:37:31,968  INFO [AWT-EventQueue-0] - undoLogger.undoPress 359 - 263
2017-09-10 19:37:31,968 DEBUG [AWT-EventQueue-0] - timeLogger.undo 45 - 00:05
2017-09-10 19:37:32,158  INFO [AWT-EventQueue-0] - undoLogger.actionPerformed 288 - Undo
2017-09-10 19:37:32,159  INFO [AWT-EventQueue-0] - undoLogger.undoPress 353 - 263
2017-09-10 19:37:32,159  INFO [AWT-EventQueue-0] - undoLogger.undoPress 355 - 263
2017-09-10 19:37:32,159  INFO [AWT-EventQueue-0] - undoLogger.undoPress 357 - 263
2017-09-10 19:37:32,159  INFO [AWT-EventQueue-0] - undoLogger.undoPress 359 - 263
2017-09-10 19:37:32,159 DEBUG [AWT-EventQueue-0] - timeLogger.undo 45 - 00:05
2017-09-10 19:37:32,359  INFO [AWT-EventQueue-0] - undoLogger.actionPerformed 288 - Undo
2017-09-10 19:37:32,359  INFO [AWT-EventQueue-0] - undoLogger.undoPress 353 - 263
2017-09-10 19:37:32,359  INFO [AWT-EventQueue-0] - undoLogger.undoPress 355 - 263
2017-09-10 19:37:32,359  INFO [AWT-EventQueue-0] - undoLogger.undoPress 357 - 263
2017-09-10 19:37:32,359  INFO [AWT-EventQueue-0] - undoLogger.undoPress 359 - 263
2017-09-10 19:37:32,359 DEBUG [AWT-EventQueue-0] - timeLogger.undo 45 - 00:05
2017-09-10 19:37:32,572  INFO [AWT-EventQueue-0] - undoLogger.actionPerformed 288 - Undo
2017-09-10 19:37:32,572  INFO [AWT-EventQueue-0] - undoLogger.undoPress 353 - 263
2017-09-10 19:37:32,572  INFO [AWT-EventQueue-0] - undoLogger.undoPress 355 - 263
2017-09-10 19:37:32,572  INFO [AWT-EventQueue-0] - undoLogger.undoPress 357 - 263
2017-09-10 19:37:32,572  INFO [AWT-EventQueue-0] - undoLogger.undoPress 359 - 263
2017-09-10 19:37:32,572 DEBUG [AWT-EventQueue-0] - timeLogger.undo 45 - 00:05
2017-09-10 19:37:32,771  INFO [AWT-EventQueue-0] - undoLogger.actionPerformed 288 - Undo
2017-09-10 19:37:32,771  INFO [AWT-EventQueue-0] - undoLogger.undoPress 353 - 263
2017-09-10 19:37:32,771  INFO [AWT-EventQueue-0] - undoLogger.undoPress 355 - 263
2017-09-10 19:37:32,771  INFO [AWT-EventQueue-0] - undoLogger.undoPress 357 - 263
2017-09-10 19:37:32,771  INFO [AWT-EventQueue-0] - undoLogger.undoPress 359 - 263
2017-09-10 19:37:32,771 DEBUG [AWT-EventQueue-0] - timeLogger.undo 45 - 00:05
2017-09-10 19:37:33,237  INFO [AWT-EventQueue-0] - undoLogger.actionPerformed 288 - Undo
2017-09-10 19:37:33,237  INFO [AWT-EventQueue-0] - undoLogger.undoPress 353 - 263
2017-09-10 19:37:33,237  INFO [AWT-EventQueue-0] - undoLogger.undoPress 355 - 263
2017-09-10 19:37:33,237  INFO [AWT-EventQueue-0] - undoLogger.undoPress 357 - 263
2017-09-10 19:37:33,237  INFO [AWT-EventQueue-0] - undoLogger.undoPress 359 - 263
2017-09-10 19:37:33,238 DEBUG [AWT-EventQueue-0] - timeLogger.undo 45 - 00:05
2017-09-10 19:37:33,652  INFO [AWT-EventQueue-0] - undoLogger.actionPerformed 288 - Undo
2017-09-10 19:37:33,652  INFO [AWT-EventQueue-0] - undoLogger.undoPress 353 - 263
2017-09-10 19:37:33,652  INFO [AWT-EventQueue-0] - undoLogger.undoPress 355 - 263
2017-09-10 19:37:33,652  INFO [AWT-EventQueue-0] - undoLogger.undoPress 357 - 263
2017-09-10 19:37:33,652  INFO [AWT-EventQueue-0] - undoLogger.undoPress 359 - 263
2017-09-10 19:37:33,652 DEBUG [AWT-EventQueue-0] - timeLogger.undo 45 - 00:05
2017-09-10 19:37:33,828  INFO [AWT-EventQueue-0] - undoLogger.actionPerformed 288 - Undo
2017-09-10 19:37:33,829  INFO [AWT-EventQueue-0] - undoLogger.undoPress 353 - 263
2017-09-10 19:37:33,829  INFO [AWT-EventQueue-0] - undoLogger.undoPress 355 - 263
2017-09-10 19:37:33,829  INFO [AWT-EventQueue-0] - undoLogger.undoPress 357 - 263
2017-09-10 19:37:33,830  INFO [AWT-EventQueue-0] - undoLogger.undoPress 359 - 263
2017-09-10 19:37:33,830 DEBUG [AWT-EventQueue-0] - timeLogger.undo 45 - 00:05
2017-09-10 19:37:33,996  INFO [AWT-EventQueue-0] - undoLogger.actionPerformed 288 - Undo
2017-09-10 19:37:33,996  INFO [AWT-EventQueue-0] - undoLogger.undoPress 353 - 263
2017-09-10 19:37:33,996  INFO [AWT-EventQueue-0] - undoLogger.undoPress 355 - 263
2017-09-10 19:37:33,996  INFO [AWT-EventQueue-0] - undoLogger.undoPress 357 - 263
2017-09-10 19:37:33,996  INFO [AWT-EventQueue-0] - undoLogger.undoPress 359 - 263
2017-09-10 19:37:33,997 DEBUG [AWT-EventQueue-0] - timeLogger.undo 45 - 00:05
2017-09-10 19:37:34,814 DEBUG [Thread-0] - timeLogger.undo 45 - 00:00
2017-09-10 19:37:34,847 DEBUG [Thread-0] - timeLogger.undo 45 - 00:00
2017-09-10 19:37:34,881 DEBUG [Thread-0] - timeLogger.undo 45 - 00:00
2017-09-10 19:37:34,916 DEBUG [Thread-0] - timeLogger.undo 45 - 00:00
2017-09-10 19:37:34,950 DEBUG [Thread-0] - timeLogger.undo 45 - 00:00
2017-09-10 19:37:34,986 DEBUG [Thread-0] - timeLogger.undo 45 - 00:00
2017-09-10 19:37:35,021 DEBUG [Thread-0] - timeLogger.undo 45 - 00:00
2017-09-10 19:37:35,056 DEBUG [Thread-0] - timeLogger.undo 45 - 00:00
2017-09-10 19:37:35,090 DEBUG [Thread-0] - timeLogger.undo 45 - 00:00
2017-09-10 19:37:35,125 DEBUG [Thread-0] - timeLogger.undo 45 - 00:00
2017-09-10 19:37:35,160 DEBUG [Thread-0] - timeLogger.undo 45 - 00:00
2017-09-10 19:37:35,195 DEBUG [Thread-0] - timeLogger.undo 45 - 00:00
2017-09-10 19:37:35,230 DEBUG [Thread-0] - timeLogger.undo 45 - 00:00
2017-09-10 19:37:35,265 DEBUG [Thread-0] - timeLogger.undo 45 - 00:00
2017-09-10 19:37:35,299 DEBUG [Thread-0] - timeLogger.undo 45 - 00:00
2017-09-10 19:37:35,334 DEBUG [Thread-0] - timeLogger.undo 45 - 00:00
2017-09-10 19:37:35,366 DEBUG [Thread-0] - timeLogger.undo 45 - 00:00
2017-09-10 19:37:35,398 DEBUG [Thread-0] - timeLogger.undo 45 - 00:00
2017-09-10 19:37:35,433 DEBUG [Thread-0] - timeLogger.undo 45 - 00:00
2017-09-10 19:37:35,468 DEBUG [Thread-0] - timeLogger.undo 45 - 00:00
2017-09-10 19:37:35,503 DEBUG [Thread-0] - timeLogger.undo 45 - 00:00
2017-09-10 19:37:35,535 DEBUG [Thread-0] - timeLogger.undo 45 - 00:00
2017-09-10 19:37:35,566 DEBUG [Thread-0] - timeLogger.undo 45 - 00:00
2017-09-10 19:37:35,601 DEBUG [Thread-0] - timeLogger.undo 45 - 00:00
2017-09-10 19:37:35,633 DEBUG [Thread-0] - timeLogger.undo 45 - 00:00
2017-09-10 19:37:35,665 DEBUG [Thread-0] - timeLogger.undo 45 - 00:00
2017-09-10 19:37:35,700 DEBUG [Thread-0] - timeLogger.undo 45 - 00:00
2017-09-10 19:37:35,731 DEBUG [Thread-0] - timeLogger.undo 45 - 00:00
2017-09-10 19:37:35,764 DEBUG [Thread-0] - timeLogger.undo 45 - 00:00
2017-09-10 19:37:35,798 DEBUG [Thread-0] - timeLogger.undo 45 - 00:00
2017-09-10 19:37:35,834 DEBUG [Thread-0] - timeLogger.undo 45 - 00:00
2017-09-10 19:37:35,868 DEBUG [Thread-0] - timeLogger.undo 45 - 00:00
2017-09-10 19:37:35,903 DEBUG [Thread-0] - timeLogger.undo 45 - 00:00
2017-09-10 19:37:35,935 DEBUG [Thread-0] - timeLogger.undo 45 - 00:00
2017-09-10 19:37:35,967 DEBUG [Thread-0] - timeLogger.undo 45 - 00:00
2017-09-10 19:37:36,000 DEBUG [Thread-0] - timeLogger.undo 45 - 00:00
2017-09-10 19:37:36,037 DEBUG [Thread-0] - timeLogger.undo 45 - 00:00
2017-09-10 19:37:36,071 DEBUG [Thread-0] - timeLogger.undo 45 - 00:00
2017-09-10 19:37:36,106 DEBUG [Thread-0] - timeLogger.undo 45 - 00:00
2017-09-10 19:37:36,141 DEBUG [Thread-0] - timeLogger.undo 45 - 00:00
2017-09-10 19:37:36,176 DEBUG [Thread-0] - timeLogger.undo 45 - 00:00
2017-09-10 19:37:36,209 DEBUG [Thread-0] - timeLogger.undo 45 - 00:01
2017-09-10 19:37:36,251 DEBUG [Thread-0] - timeLogger.undo 45 - 00:01
2017-09-10 19:37:36,286 DEBUG [Thread-0] - timeLogger.undo 45 - 00:01
2017-09-10 19:37:36,322 DEBUG [Thread-0] - timeLogger.undo 45 - 00:01
2017-09-10 19:37:36,357 DEBUG [Thread-0] - timeLogger.undo 45 - 00:01
2017-09-10 19:37:36,393 DEBUG [Thread-0] - timeLogger.undo 45 - 00:01
2017-09-10 19:37:36,425 DEBUG [Thread-0] - timeLogger.undo 45 - 00:01
2017-09-10 19:37:36,460 DEBUG [Thread-0] - timeLogger.undo 45 - 00:01
2017-09-10 19:37:36,493 DEBUG [Thread-0] - timeLogger.undo 45 - 00:01
2017-09-10 19:37:36,525 DEBUG [Thread-0] - timeLogger.undo 45 - 00:01
2017-09-10 19:37:36,559 DEBUG [Thread-0] - timeLogger.undo 45 - 00:01
2017-09-10 19:37:36,594 DEBUG [Thread-0] - timeLogger.undo 45 - 00:01
2017-09-10 19:37:36,629 DEBUG [Thread-0] - timeLogger.undo 45 - 00:01
2017-09-10 19:37:36,663 DEBUG [Thread-0] - timeLogger.undo 45 - 00:01
2017-09-10 19:37:36,698 DEBUG [Thread-0] - timeLogger.undo 45 - 00:01
2017-09-10 19:37:36,733 DEBUG [Thread-0] - timeLogger.undo 45 - 00:01
2017-09-10 19:37:36,765 DEBUG [Thread-0] - timeLogger.undo 45 - 00:01
2017-09-10 19:37:36,800 DEBUG [Thread-0] - timeLogger.undo 45 - 00:01
2017-09-10 19:37:36,834 DEBUG [Thread-0] - timeLogger.undo 45 - 00:01
2017-09-10 19:37:36,866 DEBUG [Thread-0] - timeLogger.undo 45 - 00:01
2017-09-10 19:37:36,901 DEBUG [Thread-0] - timeLogger.undo 45 - 00:01
2017-09-10 19:37:36,934 DEBUG [Thread-0] - timeLogger.undo 45 - 00:01
2017-09-10 19:37:36,971 DEBUG [Thread-0] - timeLogger.undo 45 - 00:01
2017-09-10 19:37:37,006 DEBUG [Thread-0] - timeLogger.undo 45 - 00:01
2017-09-10 19:37:37,041 DEBUG [Thread-0] - timeLogger.undo 45 - 00:01
2017-09-10 19:37:37,076 DEBUG [Thread-0] - timeLogger.undo 45 - 00:01
2017-09-10 19:37:37,110 DEBUG [Thread-0] - timeLogger.undo 45 - 00:01
2017-09-10 19:37:37,143 DEBUG [Thread-0] - timeLogger.undo 45 - 00:01
2017-09-10 19:37:37,177 DEBUG [Thread-0] - timeLogger.undo 45 - 00:01
2017-09-10 19:37:37,209 DEBUG [Thread-0] - timeLogger.undo 45 - 00:01
2017-09-10 19:37:37,243 DEBUG [Thread-0] - timeLogger.undo 45 - 00:01
2017-09-10 19:37:37,279 DEBUG [Thread-0] - timeLogger.undo 45 - 00:01
2017-09-10 19:37:37,310 DEBUG [Thread-0] - timeLogger.undo 45 - 00:01
2017-09-10 19:37:37,344 DEBUG [Thread-0] - timeLogger.undo 45 - 00:01
2017-09-10 19:37:37,377 DEBUG [Thread-0] - timeLogger.undo 45 - 00:01
2017-09-10 19:37:37,408 DEBUG [Thread-0] - timeLogger.undo 45 - 00:01
2017-09-10 19:37:37,443 DEBUG [Thread-0] - timeLogger.undo 45 - 00:01
2017-09-10 19:37:37,476 DEBUG [Thread-0] - timeLogger.undo 45 - 00:01
2017-09-10 19:37:37,510 DEBUG [Thread-0] - timeLogger.undo 45 - 00:01
2017-09-10 19:37:37,545 DEBUG [Thread-0] - timeLogger.undo 45 - 00:01
2017-09-10 19:37:37,581 DEBUG [Thread-0] - timeLogger.undo 45 - 00:02
2017-09-10 19:37:37,615 DEBUG [Thread-0] - timeLogger.undo 45 - 00:02
2017-09-10 19:37:37,650 DEBUG [Thread-0] - timeLogger.undo 45 - 00:02
2017-09-10 19:37:37,682 DEBUG [Thread-0] - timeLogger.undo 45 - 00:02
2017-09-10 19:37:37,714 DEBUG [Thread-0] - timeLogger.undo 45 - 00:02
2017-09-10 19:37:37,749 DEBUG [Thread-0] - timeLogger.undo 45 - 00:02
2017-09-10 19:37:37,784 DEBUG [Thread-0] - timeLogger.undo 45 - 00:02
2017-09-10 19:37:37,816 DEBUG [Thread-0] - timeLogger.undo 45 - 00:02
2017-09-10 19:37:37,848 DEBUG [Thread-0] - timeLogger.undo 45 - 00:02
2017-09-10 19:37:37,879 DEBUG [Thread-0] - timeLogger.undo 45 - 00:02
2017-09-10 19:37:37,913 DEBUG [Thread-0] - timeLogger.undo 45 - 00:02
2017-09-10 19:37:37,946 DEBUG [Thread-0] - timeLogger.undo 45 - 00:02
2017-09-10 19:37:37,981 DEBUG [Thread-0] - timeLogger.undo 45 - 00:02
2017-09-10 19:37:38,016 DEBUG [Thread-0] - timeLogger.undo 45 - 00:02
2017-09-10 19:37:38,051 DEBUG [Thread-0] - timeLogger.undo 45 - 00:02
2017-09-10 19:37:38,084 DEBUG [Thread-0] - timeLogger.undo 45 - 00:02
2017-09-10 19:37:38,120 DEBUG [Thread-0] - timeLogger.undo 45 - 00:02
2017-09-10 19:37:38,155 DEBUG [Thread-0] - timeLogger.undo 45 - 00:02
2017-09-10 19:37:38,190 DEBUG [Thread-0] - timeLogger.undo 45 - 00:02
2017-09-10 19:37:38,222 DEBUG [Thread-0] - timeLogger.undo 45 - 00:02
2017-09-10 19:37:38,254 DEBUG [Thread-0] - timeLogger.undo 45 - 00:02
2017-09-10 19:37:38,288 DEBUG [Thread-0] - timeLogger.undo 45 - 00:02
2017-09-10 19:37:38,324 DEBUG [Thread-0] - timeLogger.undo 45 - 00:02
2017-09-10 19:37:38,358 DEBUG [Thread-0] - timeLogger.undo 45 - 00:02
2017-09-10 19:37:38,393 DEBUG [Thread-0] - timeLogger.undo 45 - 00:02
2017-09-10 19:37:38,428 DEBUG [Thread-0] - timeLogger.undo 45 - 00:02
2017-09-10 19:37:38,463 DEBUG [Thread-0] - timeLogger.undo 45 - 00:02
2017-09-10 19:37:38,498 DEBUG [Thread-0] - timeLogger.undo 45 - 00:02
2017-09-10 19:37:38,533 DEBUG [Thread-0] - timeLogger.undo 45 - 00:02
2017-09-10 19:37:38,567 DEBUG [Thread-0] - timeLogger.undo 45 - 00:02
2017-09-10 19:37:38,601 DEBUG [Thread-0] - timeLogger.undo 45 - 00:02
2017-09-10 19:37:38,637 DEBUG [Thread-0] - timeLogger.undo 45 - 00:02
2017-09-10 19:37:38,672 DEBUG [Thread-0] - timeLogger.undo 45 - 00:02
2017-09-10 19:37:38,703 DEBUG [Thread-0] - timeLogger.undo 45 - 00:02
2017-09-10 19:37:38,736 DEBUG [Thread-0] - timeLogger.undo 45 - 00:02
2017-09-10 19:37:38,771 DEBUG [Thread-0] - timeLogger.undo 45 - 00:02
2017-09-10 19:37:38,806 DEBUG [Thread-0] - timeLogger.undo 45 - 00:02
2017-09-10 19:37:38,840 DEBUG [Thread-0] - timeLogger.undo 45 - 00:02
2017-09-10 19:37:38,875 DEBUG [Thread-0] - timeLogger.undo 45 - 00:02
2017-09-10 19:37:38,910 DEBUG [Thread-0] - timeLogger.undo 45 - 00:02
2017-09-10 19:37:38,945 DEBUG [Thread-0] - timeLogger.undo 45 - 00:03
2017-09-10 19:37:38,980 DEBUG [Thread-0] - timeLogger.undo 45 - 00:03
2017-09-10 19:37:39,015 DEBUG [Thread-0] - timeLogger.undo 45 - 00:03
2017-09-10 19:37:39,049 DEBUG [Thread-0] - timeLogger.undo 45 - 00:03
2017-09-10 19:37:39,084 DEBUG [Thread-0] - timeLogger.undo 45 - 00:03
2017-09-10 19:37:39,119 DEBUG [Thread-0] - timeLogger.undo 45 - 00:03
2017-09-10 19:37:39,152 DEBUG [Thread-0] - timeLogger.undo 45 - 00:03
2017-09-10 19:37:39,187 DEBUG [Thread-0] - timeLogger.undo 45 - 00:03
2017-09-10 19:37:39,224 DEBUG [Thread-0] - timeLogger.undo 45 - 00:03
2017-09-10 19:37:39,256 DEBUG [Thread-0] - timeLogger.undo 45 - 00:03
2017-09-10 19:37:39,287 DEBUG [Thread-0] - timeLogger.undo 45 - 00:03
2017-09-10 19:37:39,322 DEBUG [Thread-0] - timeLogger.undo 45 - 00:03
2017-09-10 19:37:39,357 DEBUG [Thread-0] - timeLogger.undo 45 - 00:03
2017-09-10 19:37:39,392 DEBUG [Thread-0] - timeLogger.undo 45 - 00:03
2017-09-10 19:37:39,427 DEBUG [Thread-0] - timeLogger.undo 45 - 00:03
2017-09-10 19:37:39,461 DEBUG [Thread-0] - timeLogger.undo 45 - 00:03
2017-09-10 19:37:39,496 DEBUG [Thread-0] - timeLogger.undo 45 - 00:03
2017-09-10 19:37:39,528 DEBUG [Thread-0] - timeLogger.undo 45 - 00:03
2017-09-10 19:37:39,560 DEBUG [Thread-0] - timeLogger.undo 45 - 00:03
2017-09-10 19:37:39,593 DEBUG [Thread-0] - timeLogger.undo 45 - 00:03
2017-09-10 19:37:39,630 DEBUG [Thread-0] - timeLogger.undo 45 - 00:03
2017-09-10 19:37:39,661 DEBUG [Thread-0] - timeLogger.undo 45 - 00:03
2017-09-10 19:37:39,694 DEBUG [Thread-0] - timeLogger.undo 45 - 00:03
2017-09-10 19:37:39,729 DEBUG [Thread-0] - timeLogger.undo 45 - 00:03
2017-09-10 19:37:39,766 DEBUG [Thread-0] - timeLogger.undo 45 - 00:03
2017-09-10 19:37:39,801 DEBUG [Thread-0] - timeLogger.undo 45 - 00:03
2017-09-10 19:37:39,835 DEBUG [Thread-0] - timeLogger.undo 45 - 00:03
2017-09-10 19:37:39,868 DEBUG [Thread-0] - timeLogger.undo 45 - 00:03
2017-09-10 19:37:39,902 DEBUG [Thread-0] - timeLogger.undo 45 - 00:03
2017-09-10 19:37:39,937 DEBUG [Thread-0] - timeLogger.undo 45 - 00:03
2017-09-10 19:37:39,972 DEBUG [Thread-0] - timeLogger.undo 45 - 00:03
2017-09-10 19:37:40,007 DEBUG [Thread-0] - timeLogger.undo 45 - 00:03
2017-09-10 19:37:40,042 DEBUG [Thread-0] - timeLogger.undo 45 - 00:03
2017-09-10 19:37:40,077 DEBUG [Thread-0] - timeLogger.undo 45 - 00:03
2017-09-10 19:37:40,112 DEBUG [Thread-0] - timeLogger.undo 45 - 00:03
2017-09-10 19:37:40,147 DEBUG [Thread-0] - timeLogger.undo 45 - 00:03
2017-09-10 19:37:40,181 DEBUG [Thread-0] - timeLogger.undo 45 - 00:03
2017-09-10 19:37:40,216 DEBUG [Thread-0] - timeLogger.undo 45 - 00:03
2017-09-10 19:37:40,247 DEBUG [Thread-0] - timeLogger.undo 45 - 00:03
2017-09-10 19:37:40,280 DEBUG [Thread-0] - timeLogger.undo 45 - 00:03
2017-09-10 19:37:40,311 DEBUG [Thread-0] - timeLogger.undo 45 - 00:04
2017-09-10 19:37:40,347 DEBUG [Thread-0] - timeLogger.undo 45 - 00:04
2017-09-10 19:37:40,379 DEBUG [Thread-0] - timeLogger.undo 45 - 00:04
2017-09-10 19:37:40,412 DEBUG [Thread-0] - timeLogger.undo 45 - 00:04
2017-09-10 19:37:40,443 DEBUG [Thread-0] - timeLogger.undo 45 - 00:04
2017-09-10 19:37:40,478 DEBUG [Thread-0] - timeLogger.undo 45 - 00:04
2017-09-10 19:37:40,512 DEBUG [Thread-0] - timeLogger.undo 45 - 00:04
2017-09-10 19:37:40,545 DEBUG [Thread-0] - timeLogger.undo 45 - 00:04
2017-09-10 19:37:40,579 DEBUG [Thread-0] - timeLogger.undo 45 - 00:04
2017-09-10 19:37:40,611 DEBUG [Thread-0] - timeLogger.undo 45 - 00:04
2017-09-10 19:37:40,645 DEBUG [Thread-0] - timeLogger.undo 45 - 00:04
2017-09-10 19:37:40,678 DEBUG [Thread-0] - timeLogger.undo 45 - 00:04
2017-09-10 19:37:40,711 DEBUG [Thread-0] - timeLogger.undo 45 - 00:04
2017-09-10 19:37:40,744 DEBUG [Thread-0] - timeLogger.undo 45 - 00:04
2017-09-10 19:37:40,779 DEBUG [Thread-0] - timeLogger.undo 45 - 00:04
2017-09-10 19:37:40,814 DEBUG [Thread-0] - timeLogger.undo 45 - 00:04
2017-09-10 19:37:40,849 DEBUG [Thread-0] - timeLogger.undo 45 - 00:04
2017-09-10 19:37:40,884 DEBUG [Thread-0] - timeLogger.undo 45 - 00:04
2017-09-10 19:37:40,919 DEBUG [Thread-0] - timeLogger.undo 45 - 00:04
2017-09-10 19:37:40,953 DEBUG [Thread-0] - timeLogger.undo 45 - 00:04
2017-09-10 19:37:40,988 DEBUG [Thread-0] - timeLogger.undo 45 - 00:04
2017-09-10 19:37:41,023 DEBUG [Thread-0] - timeLogger.undo 45 - 00:04
2017-09-10 19:37:41,058 DEBUG [Thread-0] - timeLogger.undo 45 - 00:04
2017-09-10 19:37:41,090 DEBUG [Thread-0] - timeLogger.undo 45 - 00:04
2017-09-10 19:37:41,122 DEBUG [Thread-0] - timeLogger.undo 45 - 00:04
2017-09-10 19:37:41,157 DEBUG [Thread-0] - timeLogger.undo 45 - 00:04
2017-09-10 19:37:41,191 DEBUG [Thread-0] - timeLogger.undo 45 - 00:04
2017-09-10 19:37:41,226 DEBUG [Thread-0] - timeLogger.undo 45 - 00:04
2017-09-10 19:37:41,261 DEBUG [Thread-0] - timeLogger.undo 45 - 00:04
2017-09-10 19:37:41,295 DEBUG [Thread-0] - timeLogger.undo 45 - 00:04
2017-09-10 19:37:41,331 DEBUG [Thread-0] - timeLogger.undo 45 - 00:04
2017-09-10 19:37:41,365 DEBUG [Thread-0] - timeLogger.undo 45 - 00:04
2017-09-10 19:37:41,400 DEBUG [Thread-0] - timeLogger.undo 45 - 00:04
2017-09-10 19:37:41,436 DEBUG [Thread-0] - timeLogger.undo 45 - 00:04
2017-09-10 19:37:41,470 DEBUG [Thread-0] - timeLogger.undo 45 - 00:04
2017-09-10 19:37:41,505 DEBUG [Thread-0] - timeLogger.undo 45 - 00:04
2017-09-10 19:37:41,540 DEBUG [Thread-0] - timeLogger.undo 45 - 00:04
2017-09-10 19:37:41,574 DEBUG [Thread-0] - timeLogger.undo 45 - 00:04
2017-09-10 19:37:41,606 DEBUG [Thread-0] - timeLogger.undo 45 - 00:04
2017-09-10 19:37:41,638 DEBUG [Thread-0] - timeLogger.undo 45 - 00:04
2017-09-10 19:37:41,673 DEBUG [Thread-0] - timeLogger.undo 45 - 00:05
2017-09-10 19:37:41,708 DEBUG [Thread-0] - timeLogger.undo 45 - 00:05
2017-09-10 19:37:41,742 DEBUG [Thread-0] - timeLogger.undo 45 - 00:05
2017-09-10 19:37:41,778 DEBUG [Thread-0] - timeLogger.undo 45 - 00:05
2017-09-10 19:37:41,812 DEBUG [Thread-0] - timeLogger.undo 45 - 00:05
2017-09-10 19:37:41,848 DEBUG [Thread-0] - timeLogger.undo 45 - 00:05
2017-09-10 19:37:41,882 DEBUG [Thread-0] - timeLogger.undo 45 - 00:05
2017-09-10 19:37:41,916 DEBUG [Thread-0] - timeLogger.undo 45 - 00:05
2017-09-10 19:37:41,948 DEBUG [Thread-0] - timeLogger.undo 45 - 00:05
2017-09-10 19:37:41,981 DEBUG [Thread-0] - timeLogger.undo 45 - 00:05
2017-09-10 19:37:42,016 DEBUG [Thread-0] - timeLogger.undo 45 - 00:05
2017-09-10 19:37:42,051 DEBUG [Thread-0] - timeLogger.undo 45 - 00:05
2017-09-10 19:37:42,085 DEBUG [Thread-0] - timeLogger.undo 45 - 00:05
2017-09-10 19:37:42,120 DEBUG [Thread-0] - timeLogger.undo 45 - 00:05
2017-09-10 19:37:42,155 DEBUG [Thread-0] - timeLogger.undo 45 - 00:05
2017-09-10 19:37:42,190 DEBUG [Thread-0] - timeLogger.undo 45 - 00:05
2017-09-10 19:37:42,225 DEBUG [Thread-0] - timeLogger.undo 45 - 00:05
2017-09-10 19:37:42,260 DEBUG [Thread-0] - timeLogger.undo 45 - 00:05
2017-09-10 19:37:42,294 DEBUG [Thread-0] - timeLogger.undo 45 - 00:05
2017-09-10 19:37:42,329 DEBUG [Thread-0] - timeLogger.undo 45 - 00:05
2017-09-10 19:37:42,363 DEBUG [Thread-0] - timeLogger.undo 45 - 00:05
2017-09-10 19:37:42,399 DEBUG [Thread-0] - timeLogger.undo 45 - 00:05
2017-09-10 19:37:42,434 DEBUG [Thread-0] - timeLogger.undo 45 - 00:05
2017-09-10 19:37:42,468 DEBUG [Thread-0] - timeLogger.undo 45 - 00:05
2017-09-10 19:37:42,503 DEBUG [Thread-0] - timeLogger.undo 45 - 00:05
2017-09-10 19:37:42,537 DEBUG [Thread-0] - timeLogger.undo 45 - 00:05
2017-09-10 19:37:42,570 DEBUG [Thread-0] - timeLogger.undo 45 - 00:05
2017-09-10 19:37:42,602 DEBUG [Thread-0] - timeLogger.undo 45 - 00:05
2017-09-10 19:37:42,635 DEBUG [Thread-0] - timeLogger.undo 45 - 00:05
2017-09-10 19:37:42,672 DEBUG [Thread-0] - timeLogger.undo 45 - 00:05
2017-09-10 19:37:42,706 DEBUG [Thread-0] - timeLogger.undo 45 - 00:05
2017-09-10 19:37:42,741 DEBUG [Thread-0] - timeLogger.undo 45 - 00:05
2017-09-10 19:37:42,776 DEBUG [Thread-0] - timeLogger.undo 45 - 00:05
2017-09-10 19:37:42,811 DEBUG [Thread-0] - timeLogger.undo 45 - 00:05
2017-09-10 19:37:42,846 DEBUG [Thread-0] - timeLogger.undo 45 - 00:05
2017-09-10 19:37:42,881 DEBUG [Thread-0] - timeLogger.undo 45 - 00:05
2017-09-10 19:37:42,916 DEBUG [Thread-0] - timeLogger.undo 45 - 00:05
2017-09-10 19:37:42,950 DEBUG [Thread-0] - timeLogger.undo 45 - 00:05
2017-09-10 19:37:42,985 DEBUG [Thread-0] - timeLogger.undo 45 - 00:05
2017-09-10 19:37:43,017 DEBUG [Thread-0] - timeLogger.undo 45 - 00:05
2017-09-10 19:37:43,049 DEBUG [Thread-0] - timeLogger.undo 45 - 00:06
2017-09-10 19:37:43,084 DEBUG [Thread-0] - timeLogger.undo 45 - 00:06
2017-09-10 19:37:43,117 DEBUG [Thread-0] - timeLogger.undo 45 - 00:06
2017-09-10 19:37:43,154 DEBUG [Thread-0] - timeLogger.undo 45 - 00:06
2017-09-10 19:37:43,188 DEBUG [Thread-0] - timeLogger.undo 45 - 00:06
2017-09-10 19:37:43,223 DEBUG [Thread-0] - timeLogger.undo 45 - 00:06
2017-09-10 19:37:43,258 DEBUG [Thread-0] - timeLogger.undo 45 - 00:06
2017-09-10 19:37:43,293 DEBUG [Thread-0] - timeLogger.undo 45 - 00:06
2017-09-10 19:37:43,328 DEBUG [Thread-0] - timeLogger.undo 45 - 00:06
2017-09-10 19:37:43,363 DEBUG [Thread-0] - timeLogger.undo 45 - 00:06
2017-09-10 19:37:43,396 DEBUG [Thread-0] - timeLogger.undo 45 - 00:06
2017-09-10 19:37:43,432 DEBUG [Thread-0] - timeLogger.undo 45 - 00:06
2017-09-10 19:37:43,467 DEBUG [Thread-0] - timeLogger.undo 45 - 00:06
2017-09-10 19:37:43,502 DEBUG [Thread-0] - timeLogger.undo 45 - 00:06
2017-09-10 19:37:43,537 DEBUG [Thread-0] - timeLogger.undo 45 - 00:06
2017-09-10 19:37:43,577 DEBUG [Thread-0] - timeLogger.undo 45 - 00:06
2017-09-10 19:37:43,612 DEBUG [Thread-0] - timeLogger.undo 45 - 00:06
2017-09-10 19:37:43,647 DEBUG [Thread-0] - timeLogger.undo 45 - 00:06
2017-09-10 19:37:43,682 DEBUG [Thread-0] - timeLogger.undo 45 - 00:06
2017-09-10 19:37:43,715 DEBUG [Thread-0] - timeLogger.undo 45 - 00:06
2017-09-10 19:37:43,751 DEBUG [Thread-0] - timeLogger.undo 45 - 00:06
2017-09-10 19:37:43,786 DEBUG [Thread-0] - timeLogger.undo 45 - 00:06
2017-09-10 19:37:47,649 DEBUG [AWT-EventQueue-0] - timeLogger.execute 37 - 00:00
2017-09-10 19:37:48,982 DEBUG [AWT-EventQueue-0] - timeLogger.execute 37 - 00:01
2017-09-10 19:37:50,306 DEBUG [AWT-EventQueue-0] - timeLogger.execute 37 - 00:02
2017-09-10 19:37:51,633 DEBUG [AWT-EventQueue-0] - timeLogger.execute 37 - 00:03
2017-09-10 19:37:52,737  INFO [AWT-EventQueue-0] - undoLogger.actionPerformed 288 - Undo
2017-09-10 19:37:52,738  INFO [AWT-EventQueue-0] - undoLogger.undoPress 353 - 130
2017-09-10 19:37:52,738  INFO [AWT-EventQueue-0] - undoLogger.undoPress 355 - 130
2017-09-10 19:37:52,738  INFO [AWT-EventQueue-0] - undoLogger.undoPress 357 - 130
2017-09-10 19:37:52,738  INFO [AWT-EventQueue-0] - undoLogger.undoPress 359 - 130
2017-09-10 19:37:52,738 DEBUG [AWT-EventQueue-0] - timeLogger.undo 45 - 00:02
2017-09-10 19:37:52,929  INFO [AWT-EventQueue-0] - undoLogger.actionPerformed 288 - Undo
2017-09-10 19:37:52,929  INFO [AWT-EventQueue-0] - undoLogger.undoPress 353 - 130
2017-09-10 19:37:52,930  INFO [AWT-EventQueue-0] - undoLogger.undoPress 355 - 130
2017-09-10 19:37:52,930  INFO [AWT-EventQueue-0] - undoLogger.undoPress 357 - 130
2017-09-10 19:37:52,930  INFO [AWT-EventQueue-0] - undoLogger.undoPress 359 - 130
2017-09-10 19:37:52,930 DEBUG [AWT-EventQueue-0] - timeLogger.undo 45 - 00:02
2017-09-10 19:37:53,113  INFO [AWT-EventQueue-0] - undoLogger.actionPerformed 288 - Undo
2017-09-10 19:37:53,113  INFO [AWT-EventQueue-0] - undoLogger.undoPress 353 - 130
2017-09-10 19:37:53,113  INFO [AWT-EventQueue-0] - undoLogger.undoPress 355 - 130
2017-09-10 19:37:53,114  INFO [AWT-EventQueue-0] - undoLogger.undoPress 357 - 130
2017-09-10 19:37:53,114  INFO [AWT-EventQueue-0] - undoLogger.undoPress 359 - 130
2017-09-10 19:37:53,114 DEBUG [AWT-EventQueue-0] - timeLogger.undo 45 - 00:02
2017-09-10 19:37:53,311  INFO [AWT-EventQueue-0] - undoLogger.actionPerformed 288 - Undo
2017-09-10 19:37:53,312  INFO [AWT-EventQueue-0] - undoLogger.undoPress 353 - 130
2017-09-10 19:37:53,312  INFO [AWT-EventQueue-0] - undoLogger.undoPress 355 - 130
2017-09-10 19:37:53,312  INFO [AWT-EventQueue-0] - undoLogger.undoPress 357 - 130
2017-09-10 19:37:53,313  INFO [AWT-EventQueue-0] - undoLogger.undoPress 359 - 130
2017-09-10 19:37:53,313 DEBUG [AWT-EventQueue-0] - timeLogger.undo 45 - 00:02
2017-09-10 19:37:53,533  INFO [AWT-EventQueue-0] - undoLogger.actionPerformed 288 - Undo
2017-09-10 19:37:53,533  INFO [AWT-EventQueue-0] - undoLogger.undoPress 353 - 130
2017-09-10 19:37:53,533  INFO [AWT-EventQueue-0] - undoLogger.undoPress 355 - 130
2017-09-10 19:37:53,533  INFO [AWT-EventQueue-0] - undoLogger.undoPress 357 - 130
2017-09-10 19:37:53,533  INFO [AWT-EventQueue-0] - undoLogger.undoPress 359 - 130
2017-09-10 19:37:53,533 DEBUG [AWT-EventQueue-0] - timeLogger.undo 45 - 00:01
2017-09-10 19:37:53,716  INFO [AWT-EventQueue-0] - undoLogger.actionPerformed 288 - Undo
2017-09-10 19:37:53,717  INFO [AWT-EventQueue-0] - undoLogger.undoPress 353 - 130
2017-09-10 19:37:53,717  INFO [AWT-EventQueue-0] - undoLogger.undoPress 355 - 130
2017-09-10 19:37:53,717  INFO [AWT-EventQueue-0] - undoLogger.undoPress 357 - 130
2017-09-10 19:37:53,717  INFO [AWT-EventQueue-0] - undoLogger.undoPress 359 - 130
2017-09-10 19:37:53,717 DEBUG [AWT-EventQueue-0] - timeLogger.undo 45 - 00:01
2017-09-10 19:37:53,908  INFO [AWT-EventQueue-0] - undoLogger.actionPerformed 288 - Undo
2017-09-10 19:37:53,908  INFO [AWT-EventQueue-0] - undoLogger.undoPress 353 - 130
2017-09-10 19:37:53,908  INFO [AWT-EventQueue-0] - undoLogger.undoPress 355 - 130
2017-09-10 19:37:53,908  INFO [AWT-EventQueue-0] - undoLogger.undoPress 357 - 130
2017-09-10 19:37:53,908  INFO [AWT-EventQueue-0] - undoLogger.undoPress 359 - 130
2017-09-10 19:37:53,908 DEBUG [AWT-EventQueue-0] - timeLogger.undo 45 - 00:01
2017-09-10 19:37:54,099  INFO [AWT-EventQueue-0] - undoLogger.actionPerformed 288 - Undo
2017-09-10 19:37:54,099  INFO [AWT-EventQueue-0] - undoLogger.undoPress 353 - 130
2017-09-10 19:37:54,099  INFO [AWT-EventQueue-0] - undoLogger.undoPress 355 - 130
2017-09-10 19:37:54,099  INFO [AWT-EventQueue-0] - undoLogger.undoPress 357 - 130
2017-09-10 19:37:54,099  INFO [AWT-EventQueue-0] - undoLogger.undoPress 359 - 130
2017-09-10 19:37:54,099 DEBUG [AWT-EventQueue-0] - timeLogger.undo 45 - 00:01
2017-09-10 19:37:54,283  INFO [AWT-EventQueue-0] - undoLogger.actionPerformed 288 - Undo
2017-09-10 19:37:54,283  INFO [AWT-EventQueue-0] - undoLogger.undoPress 353 - 130
2017-09-10 19:37:54,283  INFO [AWT-EventQueue-0] - undoLogger.undoPress 355 - 130
2017-09-10 19:37:54,283  INFO [AWT-EventQueue-0] - undoLogger.undoPress 357 - 130
2017-09-10 19:37:54,283  INFO [AWT-EventQueue-0] - undoLogger.undoPress 359 - 130
2017-09-10 19:37:54,283 DEBUG [AWT-EventQueue-0] - timeLogger.undo 45 - 00:01
2017-09-10 19:37:54,474  INFO [AWT-EventQueue-0] - undoLogger.actionPerformed 288 - Undo
2017-09-10 19:37:54,474  INFO [AWT-EventQueue-0] - undoLogger.undoPress 353 - 130
2017-09-10 19:37:54,474  INFO [AWT-EventQueue-0] - undoLogger.undoPress 355 - 130
2017-09-10 19:37:54,474  INFO [AWT-EventQueue-0] - undoLogger.undoPress 357 - 130
2017-09-10 19:37:54,474  INFO [AWT-EventQueue-0] - undoLogger.undoPress 359 - 130
2017-09-10 19:37:54,474 DEBUG [AWT-EventQueue-0] - timeLogger.undo 45 - 00:01
2017-09-10 19:37:54,658  INFO [AWT-EventQueue-0] - undoLogger.actionPerformed 288 - Undo
2017-09-10 19:37:54,659  INFO [AWT-EventQueue-0] - undoLogger.undoPress 353 - 130
2017-09-10 19:37:54,659  INFO [AWT-EventQueue-0] - undoLogger.undoPress 355 - 130
2017-09-10 19:37:54,659  INFO [AWT-EventQueue-0] - undoLogger.undoPress 357 - 130
2017-09-10 19:37:54,659  INFO [AWT-EventQueue-0] - undoLogger.undoPress 359 - 130
2017-09-10 19:37:54,660 DEBUG [AWT-EventQueue-0] - timeLogger.undo 45 - 00:01
2017-09-10 19:37:54,841  INFO [AWT-EventQueue-0] - undoLogger.actionPerformed 288 - Undo
2017-09-10 19:37:54,841  INFO [AWT-EventQueue-0] - undoLogger.undoPress 353 - 130
2017-09-10 19:37:54,841  INFO [AWT-EventQueue-0] - undoLogger.undoPress 355 - 130
2017-09-10 19:37:54,842  INFO [AWT-EventQueue-0] - undoLogger.undoPress 357 - 130
2017-09-10 19:37:54,842  INFO [AWT-EventQueue-0] - undoLogger.undoPress 359 - 130
2017-09-10 19:37:54,842 DEBUG [AWT-EventQueue-0] - timeLogger.undo 45 - 00:01
2017-09-10 19:37:55,037  INFO [AWT-EventQueue-0] - undoLogger.actionPerformed 288 - Undo
2017-09-10 19:37:55,037  INFO [AWT-EventQueue-0] - undoLogger.undoPress 353 - 130
2017-09-10 19:37:55,037  INFO [AWT-EventQueue-0] - undoLogger.undoPress 355 - 130
2017-09-10 19:37:55,038  INFO [AWT-EventQueue-0] - undoLogger.undoPress 357 - 130
2017-09-10 19:37:55,038  INFO [AWT-EventQueue-0] - undoLogger.undoPress 359 - 130
2017-09-10 19:37:55,038 DEBUG [AWT-EventQueue-0] - timeLogger.undo 45 - 00:01
2017-09-10 19:37:55,236  INFO [AWT-EventQueue-0] - undoLogger.actionPerformed 288 - Undo
2017-09-10 19:37:55,236  INFO [AWT-EventQueue-0] - undoLogger.undoPress 353 - 130
2017-09-10 19:37:55,236  INFO [AWT-EventQueue-0] - undoLogger.undoPress 355 - 130
2017-09-10 19:37:55,237  INFO [AWT-EventQueue-0] - undoLogger.undoPress 357 - 130
2017-09-10 19:37:55,237  INFO [AWT-EventQueue-0] - undoLogger.undoPress 359 - 130
2017-09-10 19:37:55,237 DEBUG [AWT-EventQueue-0] - timeLogger.undo 45 - 00:01
2017-09-10 19:37:55,418  INFO [AWT-EventQueue-0] - undoLogger.actionPerformed 288 - Undo
2017-09-10 19:37:55,419  INFO [AWT-EventQueue-0] - undoLogger.undoPress 353 - 130
2017-09-10 19:37:55,419  INFO [AWT-EventQueue-0] - undoLogger.undoPress 355 - 130
2017-09-10 19:37:55,419  INFO [AWT-EventQueue-0] - undoLogger.undoPress 357 - 130
2017-09-10 19:37:55,419  INFO [AWT-EventQueue-0] - undoLogger.undoPress 359 - 130
2017-09-10 19:37:55,419 DEBUG [AWT-EventQueue-0] - timeLogger.undo 45 - 00:01
2017-09-10 19:37:55,625  INFO [AWT-EventQueue-0] - undoLogger.actionPerformed 288 - Undo
2017-09-10 19:37:55,625  INFO [AWT-EventQueue-0] - undoLogger.undoPress 353 - 130
2017-09-10 19:37:55,625  INFO [AWT-EventQueue-0] - undoLogger.undoPress 355 - 130
2017-09-10 19:37:55,625  INFO [AWT-EventQueue-0] - undoLogger.undoPress 357 - 130
2017-09-10 19:37:55,626  INFO [AWT-EventQueue-0] - undoLogger.undoPress 359 - 130
2017-09-10 19:37:55,626 DEBUG [AWT-EventQueue-0] - timeLogger.undo 45 - 00:01
2017-09-10 19:37:56,073  INFO [AWT-EventQueue-0] - undoLogger.actionPerformed 288 - Undo
2017-09-10 19:37:56,073  INFO [AWT-EventQueue-0] - undoLogger.undoPress 353 - 130
2017-09-10 19:37:56,073  INFO [AWT-EventQueue-0] - undoLogger.undoPress 355 - 130
2017-09-10 19:37:56,073  INFO [AWT-EventQueue-0] - undoLogger.undoPress 357 - 130
2017-09-10 19:37:56,073  INFO [AWT-EventQueue-0] - undoLogger.undoPress 359 - 130
2017-09-10 19:37:56,073 DEBUG [AWT-EventQueue-0] - timeLogger.undo 45 - 00:01
2017-09-10 19:37:56,272  INFO [AWT-EventQueue-0] - undoLogger.actionPerformed 288 - Undo
2017-09-10 19:37:56,273  INFO [AWT-EventQueue-0] - undoLogger.undoPress 353 - 130
2017-09-10 19:37:56,273  INFO [AWT-EventQueue-0] - undoLogger.undoPress 355 - 130
2017-09-10 19:37:56,273  INFO [AWT-EventQueue-0] - undoLogger.undoPress 357 - 130
2017-09-10 19:37:56,273  INFO [AWT-EventQueue-0] - undoLogger.undoPress 359 - 130
2017-09-10 19:37:56,274 DEBUG [AWT-EventQueue-0] - timeLogger.undo 45 - 00:01
2017-09-10 19:37:56,464  INFO [AWT-EventQueue-0] - undoLogger.actionPerformed 288 - Undo
2017-09-10 19:37:56,464  INFO [AWT-EventQueue-0] - undoLogger.undoPress 353 - 130
2017-09-10 19:37:56,465  INFO [AWT-EventQueue-0] - undoLogger.undoPress 355 - 130
2017-09-10 19:37:56,465  INFO [AWT-EventQueue-0] - undoLogger.undoPress 357 - 130
2017-09-10 19:37:56,465  INFO [AWT-EventQueue-0] - undoLogger.undoPress 359 - 130
2017-09-10 19:37:56,465 DEBUG [AWT-EventQueue-0] - timeLogger.undo 45 - 00:01
2017-09-10 19:37:56,662  INFO [AWT-EventQueue-0] - undoLogger.actionPerformed 288 - Undo
2017-09-10 19:37:56,663  INFO [AWT-EventQueue-0] - undoLogger.undoPress 353 - 130
2017-09-10 19:37:56,663  INFO [AWT-EventQueue-0] - undoLogger.undoPress 355 - 130
2017-09-10 19:37:56,663  INFO [AWT-EventQueue-0] - undoLogger.undoPress 357 - 130
2017-09-10 19:37:56,663  INFO [AWT-EventQueue-0] - undoLogger.undoPress 359 - 130
2017-09-10 19:37:56,663 DEBUG [AWT-EventQueue-0] - timeLogger.undo 45 - 00:01
2017-09-10 19:37:57,191  INFO [AWT-EventQueue-0] - undoLogger.actionPerformed 288 - Undo
2017-09-10 19:37:57,192  INFO [AWT-EventQueue-0] - undoLogger.undoPress 353 - 130
2017-09-10 19:37:57,192  INFO [AWT-EventQueue-0] - undoLogger.undoPress 355 - 130
2017-09-10 19:37:57,192  INFO [AWT-EventQueue-0] - undoLogger.undoPress 357 - 130
2017-09-10 19:37:57,192  INFO [AWT-EventQueue-0] - undoLogger.undoPress 359 - 130
2017-09-10 19:37:57,192 DEBUG [AWT-EventQueue-0] - timeLogger.undo 45 - 00:01
2017-09-10 19:37:57,461  INFO [AWT-EventQueue-0] - undoLogger.actionPerformed 288 - Undo
2017-09-10 19:37:57,461  INFO [AWT-EventQueue-0] - undoLogger.undoPress 353 - 130
2017-09-10 19:37:57,461  INFO [AWT-EventQueue-0] - undoLogger.undoPress 355 - 130
2017-09-10 19:37:57,461  INFO [AWT-EventQueue-0] - undoLogger.undoPress 357 - 130
2017-09-10 19:37:57,462  INFO [AWT-EventQueue-0] - undoLogger.undoPress 359 - 130
2017-09-10 19:37:57,462 DEBUG [AWT-EventQueue-0] - timeLogger.undo 45 - 00:01
2017-09-10 19:37:57,631  INFO [AWT-EventQueue-0] - undoLogger.actionPerformed 288 - Undo
2017-09-10 19:37:57,631  INFO [AWT-EventQueue-0] - undoLogger.undoPress 353 - 130
2017-09-10 19:37:57,631  INFO [AWT-EventQueue-0] - undoLogger.undoPress 355 - 130
2017-09-10 19:37:57,631  INFO [AWT-EventQueue-0] - undoLogger.undoPress 357 - 130
2017-09-10 19:37:57,631  INFO [AWT-EventQueue-0] - undoLogger.undoPress 359 - 130
2017-09-10 19:37:57,631 DEBUG [AWT-EventQueue-0] - timeLogger.undo 45 - 00:01
2017-09-10 19:37:57,814  INFO [AWT-EventQueue-0] - undoLogger.actionPerformed 288 - Undo
2017-09-10 19:37:57,814  INFO [AWT-EventQueue-0] - undoLogger.undoPress 353 - 130
2017-09-10 19:37:57,814  INFO [AWT-EventQueue-0] - undoLogger.undoPress 355 - 130
2017-09-10 19:37:57,814  INFO [AWT-EventQueue-0] - undoLogger.undoPress 357 - 130
2017-09-10 19:37:57,814  INFO [AWT-EventQueue-0] - undoLogger.undoPress 359 - 130
2017-09-10 19:37:57,814 DEBUG [AWT-EventQueue-0] - timeLogger.undo 45 - 00:01
2017-09-10 19:37:57,987  INFO [AWT-EventQueue-0] - undoLogger.actionPerformed 288 - Undo
2017-09-10 19:37:57,988  INFO [AWT-EventQueue-0] - undoLogger.undoPress 353 - 130
2017-09-10 19:37:57,988  INFO [AWT-EventQueue-0] - undoLogger.undoPress 355 - 130
2017-09-10 19:37:57,988  INFO [AWT-EventQueue-0] - undoLogger.undoPress 357 - 130
2017-09-10 19:37:57,988  INFO [AWT-EventQueue-0] - undoLogger.undoPress 359 - 130
2017-09-10 19:37:57,988 DEBUG [AWT-EventQueue-0] - timeLogger.undo 45 - 00:01
2017-09-10 19:37:58,170  INFO [AWT-EventQueue-0] - undoLogger.actionPerformed 288 - Undo
2017-09-10 19:37:58,171  INFO [AWT-EventQueue-0] - undoLogger.undoPress 353 - 130
2017-09-10 19:37:58,171  INFO [AWT-EventQueue-0] - undoLogger.undoPress 355 - 130
2017-09-10 19:37:58,172  INFO [AWT-EventQueue-0] - undoLogger.undoPress 357 - 130
2017-09-10 19:37:58,172  INFO [AWT-EventQueue-0] - undoLogger.undoPress 359 - 130
2017-09-10 19:37:58,172 DEBUG [AWT-EventQueue-0] - timeLogger.undo 45 - 00:01
2017-09-10 19:37:58,348  INFO [AWT-EventQueue-0] - undoLogger.actionPerformed 288 - Undo
2017-09-10 19:37:58,349  INFO [AWT-EventQueue-0] - undoLogger.undoPress 353 - 130
2017-09-10 19:37:58,349  INFO [AWT-EventQueue-0] - undoLogger.undoPress 355 - 130
2017-09-10 19:37:58,349  INFO [AWT-EventQueue-0] - undoLogger.undoPress 357 - 130
2017-09-10 19:37:58,349  INFO [AWT-EventQueue-0] - undoLogger.undoPress 359 - 130
2017-09-10 19:37:58,349 DEBUG [AWT-EventQueue-0] - timeLogger.undo 45 - 00:01
2017-09-10 19:37:58,538  INFO [AWT-EventQueue-0] - undoLogger.actionPerformed 288 - Undo
2017-09-10 19:37:58,539  INFO [AWT-EventQueue-0] - undoLogger.undoPress 353 - 130
2017-09-10 19:37:58,539  INFO [AWT-EventQueue-0] - undoLogger.undoPress 355 - 130
2017-09-10 19:37:58,539  INFO [AWT-EventQueue-0] - undoLogger.undoPress 357 - 130
2017-09-10 19:37:58,539  INFO [AWT-EventQueue-0] - undoLogger.undoPress 359 - 130
2017-09-10 19:37:58,539 DEBUG [AWT-EventQueue-0] - timeLogger.undo 45 - 00:01
2017-09-10 19:37:58,721  INFO [AWT-EventQueue-0] - undoLogger.actionPerformed 288 - Undo
2017-09-10 19:37:58,721  INFO [AWT-EventQueue-0] - undoLogger.undoPress 353 - 130
2017-09-10 19:37:58,721  INFO [AWT-EventQueue-0] - undoLogger.undoPress 355 - 130
2017-09-10 19:37:58,721  INFO [AWT-EventQueue-0] - undoLogger.undoPress 357 - 130
2017-09-10 19:37:58,721  INFO [AWT-EventQueue-0] - undoLogger.undoPress 359 - 130
2017-09-10 19:37:58,721 DEBUG [AWT-EventQueue-0] - timeLogger.undo 45 - 00:01
2017-09-10 19:37:58,905  INFO [AWT-EventQueue-0] - undoLogger.actionPerformed 288 - Undo
2017-09-10 19:37:58,905  INFO [AWT-EventQueue-0] - undoLogger.undoPress 353 - 130
2017-09-10 19:37:58,905  INFO [AWT-EventQueue-0] - undoLogger.undoPress 355 - 130
2017-09-10 19:37:58,905  INFO [AWT-EventQueue-0] - undoLogger.undoPress 357 - 130
2017-09-10 19:37:58,905  INFO [AWT-EventQueue-0] - undoLogger.undoPress 359 - 130
2017-09-10 19:37:58,905 DEBUG [AWT-EventQueue-0] - timeLogger.undo 45 - 00:01
2017-09-10 19:37:59,087  INFO [AWT-EventQueue-0] - undoLogger.actionPerformed 288 - Undo
2017-09-10 19:37:59,088  INFO [AWT-EventQueue-0] - undoLogger.undoPress 353 - 130
2017-09-10 19:37:59,088  INFO [AWT-EventQueue-0] - undoLogger.undoPress 355 - 130
2017-09-10 19:37:59,088  INFO [AWT-EventQueue-0] - undoLogger.undoPress 357 - 130
2017-09-10 19:37:59,088  INFO [AWT-EventQueue-0] - undoLogger.undoPress 359 - 130
2017-09-10 19:37:59,088 DEBUG [AWT-EventQueue-0] - timeLogger.undo 45 - 00:01
2017-09-10 19:37:59,272  INFO [AWT-EventQueue-0] - undoLogger.actionPerformed 288 - Undo
2017-09-10 19:37:59,272  INFO [AWT-EventQueue-0] - undoLogger.undoPress 353 - 130
2017-09-10 19:37:59,272  INFO [AWT-EventQueue-0] - undoLogger.undoPress 355 - 130
2017-09-10 19:37:59,272  INFO [AWT-EventQueue-0] - undoLogger.undoPress 357 - 130
2017-09-10 19:37:59,272  INFO [AWT-EventQueue-0] - undoLogger.undoPress 359 - 130
2017-09-10 19:37:59,272 DEBUG [AWT-EventQueue-0] - timeLogger.undo 45 - 00:01
2017-09-10 19:37:59,454  INFO [AWT-EventQueue-0] - undoLogger.actionPerformed 288 - Undo
2017-09-10 19:37:59,455  INFO [AWT-EventQueue-0] - undoLogger.undoPress 353 - 130
2017-09-10 19:37:59,455  INFO [AWT-EventQueue-0] - undoLogger.undoPress 355 - 130
2017-09-10 19:37:59,455  INFO [AWT-EventQueue-0] - undoLogger.undoPress 357 - 130
2017-09-10 19:37:59,455  INFO [AWT-EventQueue-0] - undoLogger.undoPress 359 - 130
2017-09-10 19:37:59,455 DEBUG [AWT-EventQueue-0] - timeLogger.undo 45 - 00:01
2017-09-10 19:37:59,638  INFO [AWT-EventQueue-0] - undoLogger.actionPerformed 288 - Undo
2017-09-10 19:37:59,638  INFO [AWT-EventQueue-0] - undoLogger.undoPress 353 - 130
2017-09-10 19:37:59,638  INFO [AWT-EventQueue-0] - undoLogger.undoPress 355 - 130
2017-09-10 19:37:59,638  INFO [AWT-EventQueue-0] - undoLogger.undoPress 357 - 130
2017-09-10 19:37:59,638  INFO [AWT-EventQueue-0] - undoLogger.undoPress 359 - 130
2017-09-10 19:37:59,638 DEBUG [AWT-EventQueue-0] - timeLogger.undo 45 - 00:01
2017-09-10 19:37:59,815  INFO [AWT-EventQueue-0] - undoLogger.actionPerformed 288 - Undo
2017-09-10 19:37:59,815  INFO [AWT-EventQueue-0] - undoLogger.undoPress 353 - 130
2017-09-10 19:37:59,815  INFO [AWT-EventQueue-0] - undoLogger.undoPress 355 - 130
2017-09-10 19:37:59,815  INFO [AWT-EventQueue-0] - undoLogger.undoPress 357 - 130
2017-09-10 19:37:59,815  INFO [AWT-EventQueue-0] - undoLogger.undoPress 359 - 130
2017-09-10 19:37:59,815 DEBUG [AWT-EventQueue-0] - timeLogger.undo 45 - 00:01
2017-09-10 19:37:59,989  INFO [AWT-EventQueue-0] - undoLogger.actionPerformed 288 - Undo
2017-09-10 19:37:59,989  INFO [AWT-EventQueue-0] - undoLogger.undoPress 353 - 130
2017-09-10 19:37:59,989  INFO [AWT-EventQueue-0] - undoLogger.undoPress 355 - 130
2017-09-10 19:37:59,989  INFO [AWT-EventQueue-0] - undoLogger.undoPress 357 - 130
2017-09-10 19:37:59,989  INFO [AWT-EventQueue-0] - undoLogger.undoPress 359 - 130
2017-09-10 19:37:59,990 DEBUG [AWT-EventQueue-0] - timeLogger.undo 45 - 00:01
2017-09-10 19:38:00,164  INFO [AWT-EventQueue-0] - undoLogger.actionPerformed 288 - Undo
2017-09-10 19:38:00,164  INFO [AWT-EventQueue-0] - undoLogger.undoPress 353 - 130
2017-09-10 19:38:00,164  INFO [AWT-EventQueue-0] - undoLogger.undoPress 355 - 130
2017-09-10 19:38:00,164  INFO [AWT-EventQueue-0] - undoLogger.undoPress 357 - 130
2017-09-10 19:38:00,164  INFO [AWT-EventQueue-0] - undoLogger.undoPress 359 - 130
2017-09-10 19:38:00,164 DEBUG [AWT-EventQueue-0] - timeLogger.undo 45 - 00:01
2017-09-10 19:38:00,347  INFO [AWT-EventQueue-0] - undoLogger.actionPerformed 288 - Undo
2017-09-10 19:38:00,348  INFO [AWT-EventQueue-0] - undoLogger.undoPress 353 - 130
2017-09-10 19:38:00,348  INFO [AWT-EventQueue-0] - undoLogger.undoPress 355 - 130
2017-09-10 19:38:00,348  INFO [AWT-EventQueue-0] - undoLogger.undoPress 357 - 130
2017-09-10 19:38:00,348  INFO [AWT-EventQueue-0] - undoLogger.undoPress 359 - 130
2017-09-10 19:38:00,348 DEBUG [AWT-EventQueue-0] - timeLogger.undo 45 - 00:01
2017-09-10 19:38:00,515  INFO [AWT-EventQueue-0] - undoLogger.actionPerformed 288 - Undo
2017-09-10 19:38:00,515  INFO [AWT-EventQueue-0] - undoLogger.undoPress 353 - 130
2017-09-10 19:38:00,515  INFO [AWT-EventQueue-0] - undoLogger.undoPress 355 - 130
2017-09-10 19:38:00,515  INFO [AWT-EventQueue-0] - undoLogger.undoPress 357 - 130
2017-09-10 19:38:00,515  INFO [AWT-EventQueue-0] - undoLogger.undoPress 359 - 130
2017-09-10 19:38:00,515 DEBUG [AWT-EventQueue-0] - timeLogger.undo 45 - 00:01
2017-09-10 19:38:00,701  INFO [AWT-EventQueue-0] - undoLogger.actionPerformed 288 - Undo
2017-09-10 19:38:00,701  INFO [AWT-EventQueue-0] - undoLogger.undoPress 353 - 130
2017-09-10 19:38:00,701  INFO [AWT-EventQueue-0] - undoLogger.undoPress 355 - 130
2017-09-10 19:38:00,701  INFO [AWT-EventQueue-0] - undoLogger.undoPress 357 - 130
2017-09-10 19:38:00,701  INFO [AWT-EventQueue-0] - undoLogger.undoPress 359 - 130
2017-09-10 19:38:00,701 DEBUG [AWT-EventQueue-0] - timeLogger.undo 45 - 00:01
2017-09-10 19:38:00,891  INFO [AWT-EventQueue-0] - undoLogger.actionPerformed 288 - Undo
2017-09-10 19:38:00,891  INFO [AWT-EventQueue-0] - undoLogger.undoPress 353 - 130
2017-09-10 19:38:00,891  INFO [AWT-EventQueue-0] - undoLogger.undoPress 355 - 130
2017-09-10 19:38:00,891  INFO [AWT-EventQueue-0] - undoLogger.undoPress 357 - 130
2017-09-10 19:38:00,891  INFO [AWT-EventQueue-0] - undoLogger.undoPress 359 - 130
2017-09-10 19:38:00,891 DEBUG [AWT-EventQueue-0] - timeLogger.undo 45 - 00:01
2017-09-10 19:38:01,098  INFO [AWT-EventQueue-0] - undoLogger.actionPerformed 288 - Undo
2017-09-10 19:38:01,099  INFO [AWT-EventQueue-0] - undoLogger.undoPress 353 - 130
2017-09-10 19:38:01,099  INFO [AWT-EventQueue-0] - undoLogger.undoPress 355 - 130
2017-09-10 19:38:01,099  INFO [AWT-EventQueue-0] - undoLogger.undoPress 357 - 130
2017-09-10 19:38:01,099  INFO [AWT-EventQueue-0] - undoLogger.undoPress 359 - 130
2017-09-10 19:38:01,099 DEBUG [AWT-EventQueue-0] - timeLogger.undo 45 - 00:01
2017-09-10 19:38:01,289  INFO [AWT-EventQueue-0] - undoLogger.actionPerformed 288 - Undo
2017-09-10 19:38:01,290  INFO [AWT-EventQueue-0] - undoLogger.undoPress 353 - 130
2017-09-10 19:38:01,290  INFO [AWT-EventQueue-0] - undoLogger.undoPress 355 - 130
2017-09-10 19:38:01,290  INFO [AWT-EventQueue-0] - undoLogger.undoPress 357 - 130
2017-09-10 19:38:01,290  INFO [AWT-EventQueue-0] - undoLogger.undoPress 359 - 130
2017-09-10 19:38:01,290 DEBUG [AWT-EventQueue-0] - timeLogger.undo 45 - 00:01
2017-09-10 19:38:01,456  INFO [AWT-EventQueue-0] - undoLogger.actionPerformed 288 - Undo
2017-09-10 19:38:01,456  INFO [AWT-EventQueue-0] - undoLogger.undoPress 353 - 130
2017-09-10 19:38:01,457  INFO [AWT-EventQueue-0] - undoLogger.undoPress 355 - 130
2017-09-10 19:38:01,457  INFO [AWT-EventQueue-0] - undoLogger.undoPress 357 - 130
2017-09-10 19:38:01,457  INFO [AWT-EventQueue-0] - undoLogger.undoPress 359 - 130
2017-09-10 19:38:01,457 DEBUG [AWT-EventQueue-0] - timeLogger.undo 45 - 00:01
2017-09-10 19:38:02,336  INFO [AWT-EventQueue-0] - undoLogger.actionPerformed 288 - Undo
2017-09-10 19:38:02,337  INFO [AWT-EventQueue-0] - undoLogger.undoPress 353 - 130
2017-09-10 19:38:02,337  INFO [AWT-EventQueue-0] - undoLogger.undoPress 355 - 130
2017-09-10 19:38:02,337  INFO [AWT-EventQueue-0] - undoLogger.undoPress 357 - 130
2017-09-10 19:38:02,337  INFO [AWT-EventQueue-0] - undoLogger.undoPress 359 - 130
2017-09-10 19:38:02,337 DEBUG [AWT-EventQueue-0] - timeLogger.undo 45 - 00:00
2017-09-10 19:38:02,504  INFO [AWT-EventQueue-0] - undoLogger.actionPerformed 288 - Undo
2017-09-10 19:38:02,504  INFO [AWT-EventQueue-0] - undoLogger.undoPress 353 - 130
2017-09-10 19:38:02,504  INFO [AWT-EventQueue-0] - undoLogger.undoPress 355 - 130
2017-09-10 19:38:02,504  INFO [AWT-EventQueue-0] - undoLogger.undoPress 357 - 130
2017-09-10 19:38:02,504  INFO [AWT-EventQueue-0] - undoLogger.undoPress 359 - 130
2017-09-10 19:38:02,505 DEBUG [AWT-EventQueue-0] - timeLogger.undo 45 - 00:00
2017-09-10 19:38:02,688  INFO [AWT-EventQueue-0] - undoLogger.actionPerformed 288 - Undo
2017-09-10 19:38:02,689  INFO [AWT-EventQueue-0] - undoLogger.undoPress 353 - 130
2017-09-10 19:38:02,689  INFO [AWT-EventQueue-0] - undoLogger.undoPress 355 - 130
2017-09-10 19:38:02,689  INFO [AWT-EventQueue-0] - undoLogger.undoPress 357 - 130
2017-09-10 19:38:02,689  INFO [AWT-EventQueue-0] - undoLogger.undoPress 359 - 130
2017-09-10 19:38:02,689 DEBUG [AWT-EventQueue-0] - timeLogger.undo 45 - 00:00
2017-09-10 19:38:02,879  INFO [AWT-EventQueue-0] - undoLogger.actionPerformed 288 - Undo
2017-09-10 19:38:02,880  INFO [AWT-EventQueue-0] - undoLogger.undoPress 353 - 130
2017-09-10 19:38:02,880  INFO [AWT-EventQueue-0] - undoLogger.undoPress 355 - 130
2017-09-10 19:38:02,880  INFO [AWT-EventQueue-0] - undoLogger.undoPress 357 - 130
2017-09-10 19:38:02,880  INFO [AWT-EventQueue-0] - undoLogger.undoPress 359 - 130
2017-09-10 19:38:02,880 DEBUG [AWT-EventQueue-0] - timeLogger.undo 45 - 00:00
2017-09-10 19:38:03,054  INFO [AWT-EventQueue-0] - undoLogger.actionPerformed 288 - Undo
2017-09-10 19:38:03,054  INFO [AWT-EventQueue-0] - undoLogger.undoPress 353 - 130
2017-09-10 19:38:03,054  INFO [AWT-EventQueue-0] - undoLogger.undoPress 355 - 130
2017-09-10 19:38:03,054  INFO [AWT-EventQueue-0] - undoLogger.undoPress 357 - 130
2017-09-10 19:38:03,054  INFO [AWT-EventQueue-0] - undoLogger.undoPress 359 - 130
2017-09-10 19:38:03,055 DEBUG [AWT-EventQueue-0] - timeLogger.undo 45 - 00:00
2017-09-10 19:38:03,247  INFO [AWT-EventQueue-0] - undoLogger.actionPerformed 288 - Undo
2017-09-10 19:38:03,248  INFO [AWT-EventQueue-0] - undoLogger.undoPress 353 - 130
2017-09-10 19:38:03,248  INFO [AWT-EventQueue-0] - undoLogger.undoPress 355 - 130
2017-09-10 19:38:03,248  INFO [AWT-EventQueue-0] - undoLogger.undoPress 357 - 130
2017-09-10 19:38:03,248  INFO [AWT-EventQueue-0] - undoLogger.undoPress 359 - 130
2017-09-10 19:38:03,248 DEBUG [AWT-EventQueue-0] - timeLogger.undo 45 - 00:00
2017-09-10 19:38:03,429  INFO [AWT-EventQueue-0] - undoLogger.actionPerformed 288 - Undo
2017-09-10 19:38:03,429  INFO [AWT-EventQueue-0] - undoLogger.undoPress 353 - 130
2017-09-10 19:38:03,429  INFO [AWT-EventQueue-0] - undoLogger.undoPress 355 - 130
2017-09-10 19:38:03,429  INFO [AWT-EventQueue-0] - undoLogger.undoPress 357 - 130
2017-09-10 19:38:03,429  INFO [AWT-EventQueue-0] - undoLogger.undoPress 359 - 130
2017-09-10 19:38:03,429 DEBUG [AWT-EventQueue-0] - timeLogger.undo 45 - 00:00
2017-09-10 19:38:03,605  INFO [AWT-EventQueue-0] - undoLogger.actionPerformed 288 - Undo
2017-09-10 19:38:03,605  INFO [AWT-EventQueue-0] - undoLogger.undoPress 353 - 130
2017-09-10 19:38:03,605  INFO [AWT-EventQueue-0] - undoLogger.undoPress 355 - 130
2017-09-10 19:38:03,605  INFO [AWT-EventQueue-0] - undoLogger.undoPress 357 - 130
2017-09-10 19:38:03,605  INFO [AWT-EventQueue-0] - undoLogger.undoPress 359 - 130
2017-09-10 19:38:03,605 DEBUG [AWT-EventQueue-0] - timeLogger.undo 45 - 00:00
2017-09-10 19:38:03,787  INFO [AWT-EventQueue-0] - undoLogger.actionPerformed 288 - Undo
2017-09-10 19:38:03,788  INFO [AWT-EventQueue-0] - undoLogger.undoPress 353 - 130
2017-09-10 19:38:03,788  INFO [AWT-EventQueue-0] - undoLogger.undoPress 355 - 130
2017-09-10 19:38:03,788  INFO [AWT-EventQueue-0] - undoLogger.undoPress 357 - 130
2017-09-10 19:38:03,788  INFO [AWT-EventQueue-0] - undoLogger.undoPress 359 - 130
2017-09-10 19:38:03,788 DEBUG [AWT-EventQueue-0] - timeLogger.undo 45 - 00:00
2017-09-10 19:38:03,965  INFO [AWT-EventQueue-0] - undoLogger.actionPerformed 288 - Undo
2017-09-10 19:38:03,965  INFO [AWT-EventQueue-0] - undoLogger.undoPress 353 - 130
2017-09-10 19:38:03,965  INFO [AWT-EventQueue-0] - undoLogger.undoPress 355 - 130
2017-09-10 19:38:03,965  INFO [AWT-EventQueue-0] - undoLogger.undoPress 357 - 130
2017-09-10 19:38:03,965  INFO [AWT-EventQueue-0] - undoLogger.undoPress 359 - 130
2017-09-10 19:38:03,965 DEBUG [AWT-EventQueue-0] - timeLogger.undo 45 - 00:00
2017-09-10 19:38:04,147  INFO [AWT-EventQueue-0] - undoLogger.actionPerformed 288 - Undo
2017-09-10 19:38:04,147  INFO [AWT-EventQueue-0] - undoLogger.undoPress 353 - 130
2017-09-10 19:38:04,147  INFO [AWT-EventQueue-0] - undoLogger.undoPress 355 - 130
2017-09-10 19:38:04,147  INFO [AWT-EventQueue-0] - undoLogger.undoPress 357 - 130
2017-09-10 19:38:04,147  INFO [AWT-EventQueue-0] - undoLogger.undoPress 359 - 130
2017-09-10 19:38:04,147 DEBUG [AWT-EventQueue-0] - timeLogger.undo 45 - 00:00
2017-09-10 19:38:04,338  INFO [AWT-EventQueue-0] - undoLogger.actionPerformed 288 - Undo
2017-09-10 19:38:04,338  INFO [AWT-EventQueue-0] - undoLogger.undoPress 353 - 130
2017-09-10 19:38:04,338  INFO [AWT-EventQueue-0] - undoLogger.undoPress 355 - 130
2017-09-10 19:38:04,338  INFO [AWT-EventQueue-0] - undoLogger.undoPress 357 - 130
2017-09-10 19:38:04,339  INFO [AWT-EventQueue-0] - undoLogger.undoPress 359 - 130
2017-09-10 19:38:04,339 DEBUG [AWT-EventQueue-0] - timeLogger.undo 45 - 00:00
2017-09-10 19:38:04,530  INFO [AWT-EventQueue-0] - undoLogger.actionPerformed 288 - Undo
2017-09-10 19:38:04,530  INFO [AWT-EventQueue-0] - undoLogger.undoPress 353 - 130
2017-09-10 19:38:04,530  INFO [AWT-EventQueue-0] - undoLogger.undoPress 355 - 130
2017-09-10 19:38:04,530  INFO [AWT-EventQueue-0] - undoLogger.undoPress 357 - 130
2017-09-10 19:38:04,530  INFO [AWT-EventQueue-0] - undoLogger.undoPress 359 - 130
2017-09-10 19:38:04,530 DEBUG [AWT-EventQueue-0] - timeLogger.undo 45 - 00:00
2017-09-10 19:38:04,713  INFO [AWT-EventQueue-0] - undoLogger.actionPerformed 288 - Undo
2017-09-10 19:38:04,713  INFO [AWT-EventQueue-0] - undoLogger.undoPress 353 - 130
2017-09-10 19:38:04,714  INFO [AWT-EventQueue-0] - undoLogger.undoPress 355 - 130
2017-09-10 19:38:04,714  INFO [AWT-EventQueue-0] - undoLogger.undoPress 357 - 130
2017-09-10 19:38:04,714  INFO [AWT-EventQueue-0] - undoLogger.undoPress 359 - 130
2017-09-10 19:38:04,714 DEBUG [AWT-EventQueue-0] - timeLogger.undo 45 - 00:00
2017-09-10 19:38:04,888  INFO [AWT-EventQueue-0] - undoLogger.actionPerformed 288 - Undo
2017-09-10 19:38:04,888  INFO [AWT-EventQueue-0] - undoLogger.undoPress 353 - 130
2017-09-10 19:38:04,888  INFO [AWT-EventQueue-0] - undoLogger.undoPress 355 - 130
2017-09-10 19:38:04,888  INFO [AWT-EventQueue-0] - undoLogger.undoPress 357 - 130
2017-09-10 19:38:04,889  INFO [AWT-EventQueue-0] - undoLogger.undoPress 359 - 130
2017-09-10 19:38:04,889 DEBUG [AWT-EventQueue-0] - timeLogger.undo 45 - 00:00
2017-09-10 19:38:05,065  INFO [AWT-EventQueue-0] - undoLogger.actionPerformed 288 - Undo
2017-09-10 19:38:05,065  INFO [AWT-EventQueue-0] - undoLogger.undoPress 353 - 130
2017-09-10 19:38:05,065  INFO [AWT-EventQueue-0] - undoLogger.undoPress 355 - 130
2017-09-10 19:38:05,065  INFO [AWT-EventQueue-0] - undoLogger.undoPress 357 - 130
2017-09-10 19:38:05,065  INFO [AWT-EventQueue-0] - undoLogger.undoPress 359 - 130
2017-09-10 19:38:05,065 DEBUG [AWT-EventQueue-0] - timeLogger.undo 45 - 00:00
2017-09-10 19:38:05,265  INFO [AWT-EventQueue-0] - undoLogger.actionPerformed 288 - Undo
2017-09-10 19:38:05,266  INFO [AWT-EventQueue-0] - undoLogger.undoPress 353 - 130
2017-09-10 19:38:05,266  INFO [AWT-EventQueue-0] - undoLogger.undoPress 355 - 130
2017-09-10 19:38:05,266  INFO [AWT-EventQueue-0] - undoLogger.undoPress 357 - 130
2017-09-10 19:38:05,266  INFO [AWT-EventQueue-0] - undoLogger.undoPress 359 - 130
2017-09-10 19:38:05,266 DEBUG [AWT-EventQueue-0] - timeLogger.undo 45 - 00:00
2017-09-10 19:38:05,454  INFO [AWT-EventQueue-0] - undoLogger.actionPerformed 288 - Undo
2017-09-10 19:38:05,454  INFO [AWT-EventQueue-0] - undoLogger.undoPress 353 - 130
2017-09-10 19:38:05,455  INFO [AWT-EventQueue-0] - undoLogger.undoPress 355 - 130
2017-09-10 19:38:05,455  INFO [AWT-EventQueue-0] - undoLogger.undoPress 357 - 130
2017-09-10 19:38:05,455  INFO [AWT-EventQueue-0] - undoLogger.undoPress 359 - 130
2017-09-10 19:38:05,455 DEBUG [AWT-EventQueue-0] - timeLogger.undo 45 - 00:00
2017-09-10 19:38:05,631  INFO [AWT-EventQueue-0] - undoLogger.actionPerformed 288 - Undo
2017-09-10 19:38:05,631  INFO [AWT-EventQueue-0] - undoLogger.undoPress 353 - 130
2017-09-10 19:38:05,631  INFO [AWT-EventQueue-0] - undoLogger.undoPress 355 - 130
2017-09-10 19:38:05,631  INFO [AWT-EventQueue-0] - undoLogger.undoPress 357 - 130
2017-09-10 19:38:05,631  INFO [AWT-EventQueue-0] - undoLogger.undoPress 359 - 130
2017-09-10 19:38:05,632 DEBUG [AWT-EventQueue-0] - timeLogger.undo 45 - 00:00
2017-09-10 19:38:05,821  INFO [AWT-EventQueue-0] - undoLogger.actionPerformed 288 - Undo
2017-09-10 19:38:05,821  INFO [AWT-EventQueue-0] - undoLogger.undoPress 353 - 130
2017-09-10 19:38:05,821  INFO [AWT-EventQueue-0] - undoLogger.undoPress 355 - 130
2017-09-10 19:38:05,822  INFO [AWT-EventQueue-0] - undoLogger.undoPress 357 - 130
2017-09-10 19:38:05,822  INFO [AWT-EventQueue-0] - undoLogger.undoPress 359 - 130
2017-09-10 19:38:05,822 DEBUG [AWT-EventQueue-0] - timeLogger.undo 45 - 00:00
2017-09-10 19:38:06,013  INFO [AWT-EventQueue-0] - undoLogger.actionPerformed 288 - Undo
2017-09-10 19:38:06,013  INFO [AWT-EventQueue-0] - undoLogger.undoPress 353 - 130
2017-09-10 19:38:06,013  INFO [AWT-EventQueue-0] - undoLogger.undoPress 355 - 130
2017-09-10 19:38:06,013  INFO [AWT-EventQueue-0] - undoLogger.undoPress 357 - 130
2017-09-10 19:38:06,013  INFO [AWT-EventQueue-0] - undoLogger.undoPress 359 - 130
2017-09-10 19:38:06,013 DEBUG [AWT-EventQueue-0] - timeLogger.undo 45 - 00:00
2017-09-10 19:38:06,204  INFO [AWT-EventQueue-0] - undoLogger.actionPerformed 288 - Undo
2017-09-10 19:38:06,204  INFO [AWT-EventQueue-0] - undoLogger.undoPress 353 - 130
2017-09-10 19:38:06,204  INFO [AWT-EventQueue-0] - undoLogger.undoPress 355 - 130
2017-09-10 19:38:06,204  INFO [AWT-EventQueue-0] - undoLogger.undoPress 357 - 130
2017-09-10 19:38:06,204  INFO [AWT-EventQueue-0] - undoLogger.undoPress 359 - 130
2017-09-10 19:38:06,204 DEBUG [AWT-EventQueue-0] - timeLogger.undo 45 - 00:00
2017-09-10 19:38:06,388  INFO [AWT-EventQueue-0] - undoLogger.actionPerformed 288 - Undo
2017-09-10 19:38:06,388  INFO [AWT-EventQueue-0] - undoLogger.undoPress 353 - 130
2017-09-10 19:38:06,388  INFO [AWT-EventQueue-0] - undoLogger.undoPress 355 - 130
2017-09-10 19:38:06,388  INFO [AWT-EventQueue-0] - undoLogger.undoPress 357 - 130
2017-09-10 19:38:06,389  INFO [AWT-EventQueue-0] - undoLogger.undoPress 359 - 130
2017-09-10 19:38:06,389 DEBUG [AWT-EventQueue-0] - timeLogger.undo 45 - 00:00
2017-09-10 19:38:06,588  INFO [AWT-EventQueue-0] - undoLogger.actionPerformed 288 - Undo
2017-09-10 19:38:06,588  INFO [AWT-EventQueue-0] - undoLogger.undoPress 353 - 130
2017-09-10 19:38:06,588  INFO [AWT-EventQueue-0] - undoLogger.undoPress 355 - 130
2017-09-10 19:38:06,588  INFO [AWT-EventQueue-0] - undoLogger.undoPress 357 - 130
2017-09-10 19:38:06,588  INFO [AWT-EventQueue-0] - undoLogger.undoPress 359 - 130
2017-09-10 19:38:06,588 DEBUG [AWT-EventQueue-0] - timeLogger.undo 45 - 00:00
2017-09-10 19:38:06,788  INFO [AWT-EventQueue-0] - undoLogger.actionPerformed 288 - Undo
2017-09-10 19:38:06,788  INFO [AWT-EventQueue-0] - undoLogger.undoPress 353 - 130
2017-09-10 19:38:06,788  INFO [AWT-EventQueue-0] - undoLogger.undoPress 355 - 130
2017-09-10 19:38:06,788  INFO [AWT-EventQueue-0] - undoLogger.undoPress 357 - 130
2017-09-10 19:38:06,788  INFO [AWT-EventQueue-0] - undoLogger.undoPress 359 - 130
2017-09-10 19:38:06,789 DEBUG [AWT-EventQueue-0] - timeLogger.undo 45 - 00:00
2017-09-10 19:38:06,987  INFO [AWT-EventQueue-0] - undoLogger.actionPerformed 288 - Undo
2017-09-10 19:38:06,987  INFO [AWT-EventQueue-0] - undoLogger.undoPress 353 - 130
2017-09-10 19:38:06,988  INFO [AWT-EventQueue-0] - undoLogger.undoPress 355 - 130
2017-09-10 19:38:06,988  INFO [AWT-EventQueue-0] - undoLogger.undoPress 357 - 130
2017-09-10 19:38:06,988  INFO [AWT-EventQueue-0] - undoLogger.undoPress 359 - 130
2017-09-10 19:38:06,988 DEBUG [AWT-EventQueue-0] - timeLogger.undo 45 - 00:00
2017-09-10 19:38:07,187  INFO [AWT-EventQueue-0] - undoLogger.actionPerformed 288 - Undo
2017-09-10 19:38:07,187  INFO [AWT-EventQueue-0] - undoLogger.undoPress 353 - 130
2017-09-10 19:38:07,187  INFO [AWT-EventQueue-0] - undoLogger.undoPress 355 - 130
2017-09-10 19:38:07,187  INFO [AWT-EventQueue-0] - undoLogger.undoPress 357 - 130
2017-09-10 19:38:07,187  INFO [AWT-EventQueue-0] - undoLogger.undoPress 359 - 130
2017-09-10 19:38:07,187 DEBUG [AWT-EventQueue-0] - timeLogger.undo 45 - 00:00
2017-09-10 19:38:07,360  INFO [AWT-EventQueue-0] - undoLogger.actionPerformed 288 - Undo
2017-09-10 19:38:07,361  INFO [AWT-EventQueue-0] - undoLogger.undoPress 353 - 130
2017-09-10 19:38:07,361  INFO [AWT-EventQueue-0] - undoLogger.undoPress 355 - 130
2017-09-10 19:38:07,361  INFO [AWT-EventQueue-0] - undoLogger.undoPress 357 - 130
2017-09-10 19:38:07,361  INFO [AWT-EventQueue-0] - undoLogger.undoPress 359 - 130
2017-09-10 19:38:07,361 DEBUG [AWT-EventQueue-0] - timeLogger.undo 45 - 00:00
2017-09-10 19:38:07,554  INFO [AWT-EventQueue-0] - undoLogger.actionPerformed 288 - Undo
2017-09-10 19:38:07,554  INFO [AWT-EventQueue-0] - undoLogger.undoPress 353 - 130
2017-09-10 19:38:07,554  INFO [AWT-EventQueue-0] - undoLogger.undoPress 355 - 130
2017-09-10 19:38:07,555  INFO [AWT-EventQueue-0] - undoLogger.undoPress 357 - 130
2017-09-10 19:38:07,555  INFO [AWT-EventQueue-0] - undoLogger.undoPress 359 - 130
2017-09-10 19:38:07,555 DEBUG [AWT-EventQueue-0] - timeLogger.undo 45 - 00:00
2017-09-10 19:38:07,760  INFO [AWT-EventQueue-0] - undoLogger.actionPerformed 288 - Undo
2017-09-10 19:38:07,761  INFO [AWT-EventQueue-0] - undoLogger.undoPress 353 - 130
2017-09-10 19:38:07,761  INFO [AWT-EventQueue-0] - undoLogger.undoPress 355 - 130
2017-09-10 19:38:07,761  INFO [AWT-EventQueue-0] - undoLogger.undoPress 357 - 130
2017-09-10 19:38:07,761  INFO [AWT-EventQueue-0] - undoLogger.undoPress 359 - 130
2017-09-10 19:38:07,761 DEBUG [AWT-EventQueue-0] - timeLogger.undo 45 - 00:00
2017-09-10 19:38:07,983  INFO [AWT-EventQueue-0] - undoLogger.actionPerformed 288 - Undo
2017-09-10 19:38:07,983  INFO [AWT-EventQueue-0] - undoLogger.undoPress 353 - 130
2017-09-10 19:38:07,983  INFO [AWT-EventQueue-0] - undoLogger.undoPress 355 - 130
2017-09-10 19:38:07,983  INFO [AWT-EventQueue-0] - undoLogger.undoPress 357 - 130
2017-09-10 19:38:07,983  INFO [AWT-EventQueue-0] - undoLogger.undoPress 359 - 130
2017-09-10 19:38:07,984 DEBUG [AWT-EventQueue-0] - timeLogger.undo 45 - 00:00
2017-09-10 19:38:08,158  INFO [AWT-EventQueue-0] - undoLogger.actionPerformed 288 - Undo
2017-09-10 19:38:08,158  INFO [AWT-EventQueue-0] - undoLogger.undoPress 353 - 130
2017-09-10 19:38:08,158  INFO [AWT-EventQueue-0] - undoLogger.undoPress 355 - 130
2017-09-10 19:38:08,158  INFO [AWT-EventQueue-0] - undoLogger.undoPress 357 - 130
2017-09-10 19:38:08,158  INFO [AWT-EventQueue-0] - undoLogger.undoPress 359 - 130
2017-09-10 19:38:08,158 DEBUG [AWT-EventQueue-0] - timeLogger.undo 45 - 00:00
2017-09-10 19:38:16,336 DEBUG [AWT-EventQueue-0] - timeLogger.execute 37 - 00:00
2017-09-10 19:38:17,680 DEBUG [AWT-EventQueue-0] - timeLogger.execute 37 - 00:01
2017-09-10 19:38:19,014 DEBUG [AWT-EventQueue-0] - timeLogger.execute 37 - 00:02
2017-09-10 19:38:20,349 DEBUG [AWT-EventQueue-0] - timeLogger.execute 37 - 00:03
2017-09-10 19:38:21,688 DEBUG [AWT-EventQueue-0] - timeLogger.execute 37 - 00:04
2017-09-10 19:38:23,017 DEBUG [AWT-EventQueue-0] - timeLogger.execute 37 - 00:05
2017-09-10 19:38:24,335 DEBUG [AWT-EventQueue-0] - timeLogger.execute 37 - 00:06
